[2021-05-27 15:02:57] local.ERROR: SQLSTATE[42S22]: Column not found: 1054 Unknown column 'score' in 'field list' (SQL: select `score` from `reviews` where `reviews`.`product_id` = 72833 and `reviews`.`product_id` is not null and `publish` = 1 and `score` > 0) {"exception":"[object] (Illuminate\\Database\\QueryException(code: 42S22): SQLSTATE[42S22]: Column not found: 1054 Unknown column 'score' in 'field list' (SQL: select `score` from `reviews` where `reviews`.`product_id` = 72833 and `reviews`.`product_id` is not null and `publish` = 1 and `score` > 0) at /home/kristinayudina/works/da-you.ru/www/vendor/laravel/framework/src/Illuminate/Database/Connection.php:670)
[stacktrace]
#0 /home/kristinayudina/works/da-you.ru/www/vendor/laravel/framework/src/Illuminate/Database/Connection.php(630): Illuminate\\Database\\Connection->runQueryCallback('select `score` ...', Array, Object(Closure))
#1 /home/kristinayudina/works/da-you.ru/www/vendor/laravel/framework/src/Illuminate/Database/Connection.php(339): Illuminate\\Database\\Connection->run('select `score` ...', Array, Object(Closure))
#2 /home/kristinayudina/works/da-you.ru/www/vendor/laravel/framework/src/Illuminate/Database/Query/Builder.php(2178): Illuminate\\Database\\Connection->select('select `score` ...', Array, true)
#3 /home/kristinayudina/works/da-you.ru/www/vendor/laravel/framework/src/Illuminate/Database/Query/Builder.php(2330): Illuminate\\Database\\Query\\Builder->runSelect()
#4 /home/kristinayudina/works/da-you.ru/www/vendor/laravel/framework/src/Illuminate/Database/Query/Builder.php(2638): Illuminate\\Database\\Query\\Builder->Illuminate\\Database\\Query\\{closure}()
#5 /home/kristinayudina/works/da-you.ru/www/vendor/laravel/framework/src/Illuminate/Database/Query/Builder.php(2332): Illuminate\\Database\\Query\\Builder->onceWithColumns(Array, Object(Closure))
#6 /home/kristinayudina/works/da-you.ru/www/vendor/laravel/framework/src/Illuminate/Database/Eloquent/Builder.php(689): Illuminate\\Database\\Query\\Builder->pluck('score', NULL)
#7 /home/kristinayudina/works/da-you.ru/www/vendor/laravel/framework/src/Illuminate/Support/Traits/ForwardsCalls.php(23): Illuminate\\Database\\Eloquent\\Builder->pluck('score')
#8 /home/kristinayudina/works/da-you.ru/www/vendor/laravel/framework/src/Illuminate/Database/Eloquent/Relations/Relation.php(385): Illuminate\\Database\\Eloquent\\Relations\\Relation->forwardCallTo(Object(Illuminate\\Database\\Eloquent\\Builder), 'pluck', Array)
#9 /home/kristinayudina/works/da-you.ru/www/app/Models/Product.php(313): Illuminate\\Database\\Eloquent\\Relations\\Relation->__call('pluck', Array)
#10 /home/kristinayudina/works/da-you.ru/www/vendor/laravel/framework/src/Illuminate/Database/Eloquent/Concerns/HasAttributes.php(466): App\\Models\\Product->getRatingAttribute(NULL)
#11 /home/kristinayudina/works/da-you.ru/www/vendor/laravel/framework/src/Illuminate/Database/Eloquent/Concerns/HasAttributes.php(1402): Illuminate\\Database\\Eloquent\\Model->mutateAttribute('rating', NULL)
#12 /home/kristinayudina/works/da-you.ru/www/vendor/laravel/framework/src/Illuminate/Database/Eloquent/Concerns/HasAttributes.php(380): Illuminate\\Database\\Eloquent\\Model->transformModelValue('rating', NULL)
#13 /home/kristinayudina/works/da-you.ru/www/vendor/laravel/framework/src/Illuminate/Database/Eloquent/Concerns/HasAttributes.php(359): Illuminate\\Database\\Eloquent\\Model->getAttributeValue('rating')
#14 /home/kristinayudina/works/da-you.ru/www/vendor/laravel/framework/src/Illuminate/Database/Eloquent/Model.php(1567): Illuminate\\Database\\Eloquent\\Model->getAttribute('rating')
#15 /home/kristinayudina/works/da-you.ru/www/app/Services/DataProviders/ProductList/ProductListBuilder.php(41): Illuminate\\Database\\Eloquent\\Model->__get('rating')
#16 /home/kristinayudina/works/da-you.ru/www/app/Services/DataProviders/Home/Home/ProductGroups.php(24): App\\Services\\DataProviders\\ProductList\\ProductListBuilder->buildDataForProducts(Array)
#17 /home/kristinayudina/works/da-you.ru/www/app/Services/DataProviders/Home/Home.php(25): App\\Services\\DataProviders\\Home\\Home\\ProductGroups->provideData()
#18 /home/kristinayudina/works/da-you.ru/www/app/Http/Controllers/Client/HomeController.php(40): App\\Services\\DataProviders\\Home\\Home->provideData()
#19 [internal function]: App\\Http\\Controllers\\Client\\HomeController->__invoke()
#20 /home/kristinayudina/works/da-you.ru/www/vendor/laravel/framework/src/Illuminate/Routing/Controller.php(54): call_user_func_array(Array, Array)
#21 /home/kristinayudina/works/da-you.ru/www/vendor/laravel/framework/src/Illuminate/Routing/ControllerDispatcher.php(45): Illuminate\\Routing\\Controller->callAction('__invoke', Array)
#22 /home/kristinayudina/works/da-you.ru/www/vendor/laravel/framework/src/Illuminate/Routing/Route.php(225): Illuminate\\Routing\\ControllerDispatcher->dispatch(Object(Illuminate\\Routing\\Route), Object(App\\Http\\Controllers\\Client\\HomeController), '__invoke')
#23 /home/kristinayudina/works/da-you.ru/www/vendor/laravel/framework/src/Illuminate/Routing/Route.php(182): Illuminate\\Routing\\Route->runController()
#24 /home/kristinayudina/works/da-you.ru/www/vendor/laravel/framework/src/Illuminate/Routing/Router.php(685): Illuminate\\Routing\\Route->run()
#25 /home/kristinayudina/works/da-you.ru/www/vendor/laravel/framework/src/Illuminate/Pipeline/Pipeline.php(128): Illuminate\\Routing\\Router->Illuminate\\Routing\\{closure}(Object(Illuminate\\Http\\Request))
#26 /home/kristinayudina/works/da-you.ru/www/app/Http/Middleware/Redirects.php(28): Illuminate\\Pipeline\\Pipeline->Illuminate\\Pipeline\\{closure}(Object(Illuminate\\Http\\Request))
#27 /home/kristinayudina/works/da-you.ru/www/vendor/laravel/framework/src/Illuminate/Pipeline/Pipeline.php(167): App\\Http\\Middleware\\Redirects->handle(Object(Illuminate\\Http\\Request), Object(Closure))
#28 /home/kristinayudina/works/da-you.ru/www/vendor/laravel/framework/src/Illuminate/Routing/Middleware/SubstituteBindings.php(41): Illuminate\\Pipeline\\Pipeline->Illuminate\\Pipeline\\{closure}(Object(Illuminate\\Http\\Request))
#29 /home/kristinayudina/works/da-you.ru/www/vendor/laravel/framework/src/Illuminate/Pipeline/Pipeline.php(167): Illuminate\\Routing\\Middleware\\SubstituteBindings->handle(Object(Illuminate\\Http\\Request), Object(Closure))
#30 /home/kristinayudina/works/da-you.ru/www/vendor/laravel/framework/src/Illuminate/Foundation/Http/Middleware/VerifyCsrfToken.php(76): Illuminate\\Pipeline\\Pipeline->Illuminate\\Pipeline\\{closure}(Object(Illuminate\\Http\\Request))
#31 /home/kristinayudina/works/da-you.ru/www/vendor/laravel/framework/src/Illuminate/Pipeline/Pipeline.php(167): Illuminate\\Foundation\\Http\\Middleware\\VerifyCsrfToken->handle(Object(Illuminate\\Http\\Request), Object(Closure))
#32 /home/kristinayudina/works/da-you.ru/www/vendor/laravel/framework/src/Illuminate/View/Middleware/ShareErrorsFromSession.php(49): Illuminate\\Pipeline\\Pipeline->Illuminate\\Pipeline\\{closure}(Object(Illuminate\\Http\\Request))
#33 /home/kristinayudina/works/da-you.ru/www/vendor/laravel/framework/src/Illuminate/Pipeline/Pipeline.php(167): Illuminate\\View\\Middleware\\ShareErrorsFromSession->handle(Object(Illuminate\\Http\\Request), Object(Closure))
#34 /home/kristinayudina/works/da-you.ru/www/vendor/laravel/framework/src/Illuminate/Session/Middleware/StartSession.php(56): Illuminate\\Pipeline\\Pipeline->Illuminate\\Pipeline\\{closure}(Object(Illuminate\\Http\\Request))
#35 /home/kristinayudina/works/da-you.ru/www/vendor/laravel/framework/src/Illuminate/Pipeline/Pipeline.php(167): Illuminate\\Session\\Middleware\\StartSession->handle(Object(Illuminate\\Http\\Request), Object(Closure))
#36 /home/kristinayudina/works/da-you.ru/www/vendor/laravel/framework/src/Illuminate/Cookie/Middleware/AddQueuedCookiesToResponse.php(37): Illuminate\\Pipeline\\Pipeline->Illuminate\\Pipeline\\{closure}(Object(Illuminate\\Http\\Request))
#37 /home/kristinayudina/works/da-you.ru/www/vendor/laravel/framework/src/Illuminate/Pipeline/Pipeline.php(167): Illuminate\\Cookie\\Middleware\\AddQueuedCookiesToResponse->handle(Object(Illuminate\\Http\\Request), Object(Closure))
#38 /home/kristinayudina/works/da-you.ru/www/vendor/laravel/framework/src/Illuminate/Cookie/Middleware/EncryptCookies.php(66): Illuminate\\Pipeline\\Pipeline->Illuminate\\Pipeline\\{closure}(Object(Illuminate\\Http\\Request))
#39 /home/kristinayudina/works/da-you.ru/www/vendor/laravel/framework/src/Illuminate/Pipeline/Pipeline.php(167): Illuminate\\Cookie\\Middleware\\EncryptCookies->handle(Object(Illuminate\\Http\\Request), Object(Closure))
#40 /home/kristinayudina/works/da-you.ru/www/vendor/laravel/framework/src/Illuminate/Pipeline/Pipeline.php(103): Illuminate\\Pipeline\\Pipeline->Illuminate\\Pipeline\\{closure}(Object(Illuminate\\Http\\Request))
#41 /home/kristinayudina/works/da-you.ru/www/vendor/laravel/framework/src/Illuminate/Routing/Router.php(687): Illuminate\\Pipeline\\Pipeline->then(Object(Closure))
#42 /home/kristinayudina/works/da-you.ru/www/vendor/laravel/framework/src/Illuminate/Routing/Router.php(662): Illuminate\\Routing\\Router->runRouteWithinStack(Object(Illuminate\\Routing\\Route), Object(Illuminate\\Http\\Request))
#43 /home/kristinayudina/works/da-you.ru/www/vendor/laravel/framework/src/Illuminate/Routing/Router.php(628): Illuminate\\Routing\\Router->runRoute(Object(Illuminate\\Http\\Request), Object(Illuminate\\Routing\\Route))
#44 /home/kristinayudina/works/da-you.ru/www/vendor/laravel/framework/src/Illuminate/Routing/Router.php(617): Illuminate\\Routing\\Router->dispatchToRoute(Object(Illuminate\\Http\\Request))
#45 /home/kristinayudina/works/da-you.ru/www/vendor/laravel/framework/src/Illuminate/Foundation/Http/Kernel.php(165): Illuminate\\Routing\\Router->dispatch(Object(Illuminate\\Http\\Request))
#46 /home/kristinayudina/works/da-you.ru/www/vendor/laravel/framework/src/Illuminate/Pipeline/Pipeline.php(128): Illuminate\\Foundation\\Http\\Kernel->Illuminate\\Foundation\\Http\\{closure}(Object(Illuminate\\Http\\Request))
#47 /home/kristinayudina/works/da-you.ru/www/vendor/barryvdh/laravel-debugbar/src/Middleware/InjectDebugbar.php(58): Illuminate\\Pipeline\\Pipeline->Illuminate\\Pipeline\\{closure}(Object(Illuminate\\Http\\Request))
#48 /home/kristinayudina/works/da-you.ru/www/vendor/laravel/framework/src/Illuminate/Pipeline/Pipeline.php(167): Barryvdh\\Debugbar\\Middleware\\InjectDebugbar->handle(Object(Illuminate\\Http\\Request), Object(Closure))
#49 /home/kristinayudina/works/da-you.ru/www/vendor/laravel/framework/src/Illuminate/Foundation/Http/Middleware/TransformsRequest.php(21): Illuminate\\Pipeline\\Pipeline->Illuminate\\Pipeline\\{closure}(Object(Illuminate\\Http\\Request))
#50 /home/kristinayudina/works/da-you.ru/www/vendor/laravel/framework/src/Illuminate/Pipeline/Pipeline.php(167): Illuminate\\Foundation\\Http\\Middleware\\TransformsRequest->handle(Object(Illuminate\\Http\\Request), Object(Closure))
#51 /home/kristinayudina/works/da-you.ru/www/vendor/laravel/framework/src/Illuminate/Foundation/Http/Middleware/TransformsRequest.php(21): Illuminate\\Pipeline\\Pipeline->Illuminate\\Pipeline\\{closure}(Object(Illuminate\\Http\\Request))
#52 /home/kristinayudina/works/da-you.ru/www/vendor/laravel/framework/src/Illuminate/Pipeline/Pipeline.php(167): Illuminate\\Foundation\\Http\\Middleware\\TransformsRequest->handle(Object(Illuminate\\Http\\Request), Object(Closure))
#53 /home/kristinayudina/works/da-you.ru/www/vendor/laravel/framework/src/Illuminate/Foundation/Http/Middleware/ValidatePostSize.php(27): Illuminate\\Pipeline\\Pipeline->Illuminate\\Pipeline\\{closure}(Object(Illuminate\\Http\\Request))
#54 /home/kristinayudina/works/da-you.ru/www/vendor/laravel/framework/src/Illuminate/Pipeline/Pipeline.php(167): Illuminate\\Foundation\\Http\\Middleware\\ValidatePostSize->handle(Object(Illuminate\\Http\\Request), Object(Closure))
#55 /home/kristinayudina/works/da-you.ru/www/vendor/laravel/framework/src/Illuminate/Foundation/Http/Middleware/CheckForMaintenanceMode.php(63): Illuminate\\Pipeline\\Pipeline->Illuminate\\Pipeline\\{closure}(Object(Illuminate\\Http\\Request))
#56 /home/kristinayudina/works/da-you.ru/www/vendor/laravel/framework/src/Illuminate/Pipeline/Pipeline.php(167): Illuminate\\Foundation\\Http\\Middleware\\CheckForMaintenanceMode->handle(Object(Illuminate\\Http\\Request), Object(Closure))
#57 /home/kristinayudina/works/da-you.ru/www/vendor/fideloper/proxy/src/TrustProxies.php(57): Illuminate\\Pipeline\\Pipeline->Illuminate\\Pipeline\\{closure}(Object(Illuminate\\Http\\Request))
#58 /home/kristinayudina/works/da-you.ru/www/vendor/laravel/framework/src/Illuminate/Pipeline/Pipeline.php(167): Fideloper\\Proxy\\TrustProxies->handle(Object(Illuminate\\Http\\Request), Object(Closure))
#59 /home/kristinayudina/works/da-you.ru/www/vendor/laravel/framework/src/Illuminate/Pipeline/Pipeline.php(103): Illuminate\\Pipeline\\Pipeline->Illuminate\\Pipeline\\{closure}(Object(Illuminate\\Http\\Request))
#60 /home/kristinayudina/works/da-you.ru/www/vendor/laravel/framework/src/Illuminate/Foundation/Http/Kernel.php(140): Illuminate\\Pipeline\\Pipeline->then(Object(Closure))
#61 /home/kristinayudina/works/da-you.ru/www/vendor/laravel/framework/src/Illuminate/Foundation/Http/Kernel.php(109): Illuminate\\Foundation\\Http\\Kernel->sendRequestThroughRouter(Object(Illuminate\\Http\\Request))
#62 /home/kristinayudina/works/da-you.ru/www/public/index.php(55): Illuminate\\Foundation\\Http\\Kernel->handle(Object(Illuminate\\Http\\Request))
#63 {main}

[previous exception] [object] (Doctrine\\DBAL\\Driver\\PDOException(code: 42S22): SQLSTATE[42S22]: Column not found: 1054 Unknown column 'score' in 'field list' at /home/kristinayudina/works/da-you.ru/www/vendor/doctrine/dbal/lib/Doctrine/DBAL/Driver/PDOConnection.php:63)
[stacktrace]
#0 /home/kristinayudina/works/da-you.ru/www/vendor/laravel/framework/src/Illuminate/Database/Connection.php(331): Doctrine\\DBAL\\Driver\\PDOConnection->prepare('select `score` ...')
#1 /home/kristinayudina/works/da-you.ru/www/vendor/laravel/framework/src/Illuminate/Database/Connection.php(663): Illuminate\\Database\\Connection->Illuminate\\Database\\{closure}('select `score` ...', Array)
#2 /home/kristinayudina/works/da-you.ru/www/vendor/laravel/framework/src/Illuminate/Database/Connection.php(630): Illuminate\\Database\\Connection->runQueryCallback('select `score` ...', Array, Object(Closure))
#3 /home/kristinayudina/works/da-you.ru/www/vendor/laravel/framework/src/Illuminate/Database/Connection.php(339): Illuminate\\Database\\Connection->run('select `score` ...', Array, Object(Closure))
#4 /home/kristinayudina/works/da-you.ru/www/vendor/laravel/framework/src/Illuminate/Database/Query/Builder.php(2178): Illuminate\\Database\\Connection->select('select `score` ...', Array, true)
#5 /home/kristinayudina/works/da-you.ru/www/vendor/laravel/framework/src/Illuminate/Database/Query/Builder.php(2330): Illuminate\\Database\\Query\\Builder->runSelect()
#6 /home/kristinayudina/works/da-you.ru/www/vendor/laravel/framework/src/Illuminate/Database/Query/Builder.php(2638): Illuminate\\Database\\Query\\Builder->Illuminate\\Database\\Query\\{closure}()
#7 /home/kristinayudina/works/da-you.ru/www/vendor/laravel/framework/src/Illuminate/Database/Query/Builder.php(2332): Illuminate\\Database\\Query\\Builder->onceWithColumns(Array, Object(Closure))
#8 /home/kristinayudina/works/da-you.ru/www/vendor/laravel/framework/src/Illuminate/Database/Eloquent/Builder.php(689): Illuminate\\Database\\Query\\Builder->pluck('score', NULL)
#9 /home/kristinayudina/works/da-you.ru/www/vendor/laravel/framework/src/Illuminate/Support/Traits/ForwardsCalls.php(23): Illuminate\\Database\\Eloquent\\Builder->pluck('score')
#10 /home/kristinayudina/works/da-you.ru/www/vendor/laravel/framework/src/Illuminate/Database/Eloquent/Relations/Relation.php(385): Illuminate\\Database\\Eloquent\\Relations\\Relation->forwardCallTo(Object(Illuminate\\Database\\Eloquent\\Builder), 'pluck', Array)
#11 /home/kristinayudina/works/da-you.ru/www/app/Models/Product.php(313): Illuminate\\Database\\Eloquent\\Relations\\Relation->__call('pluck', Array)
#12 /home/kristinayudina/works/da-you.ru/www/vendor/laravel/framework/src/Illuminate/Database/Eloquent/Concerns/HasAttributes.php(466): App\\Models\\Product->getRatingAttribute(NULL)
#13 /home/kristinayudina/works/da-you.ru/www/vendor/laravel/framework/src/Illuminate/Database/Eloquent/Concerns/HasAttributes.php(1402): Illuminate\\Database\\Eloquent\\Model->mutateAttribute('rating', NULL)
#14 /home/kristinayudina/works/da-you.ru/www/vendor/laravel/framework/src/Illuminate/Database/Eloquent/Concerns/HasAttributes.php(380): Illuminate\\Database\\Eloquent\\Model->transformModelValue('rating', NULL)
#15 /home/kristinayudina/works/da-you.ru/www/vendor/laravel/framework/src/Illuminate/Database/Eloquent/Concerns/HasAttributes.php(359): Illuminate\\Database\\Eloquent\\Model->getAttributeValue('rating')
#16 /home/kristinayudina/works/da-you.ru/www/vendor/laravel/framework/src/Illuminate/Database/Eloquent/Model.php(1567): Illuminate\\Database\\Eloquent\\Model->getAttribute('rating')
#17 /home/kristinayudina/works/da-you.ru/www/app/Services/DataProviders/ProductList/ProductListBuilder.php(41): Illuminate\\Database\\Eloquent\\Model->__get('rating')
#18 /home/kristinayudina/works/da-you.ru/www/app/Services/DataProviders/Home/Home/ProductGroups.php(24): App\\Services\\DataProviders\\ProductList\\ProductListBuilder->buildDataForProducts(Array)
#19 /home/kristinayudina/works/da-you.ru/www/app/Services/DataProviders/Home/Home.php(25): App\\Services\\DataProviders\\Home\\Home\\ProductGroups->provideData()
#20 /home/kristinayudina/works/da-you.ru/www/app/Http/Controllers/Client/HomeController.php(40): App\\Services\\DataProviders\\Home\\Home->provideData()
#21 [internal function]: App\\Http\\Controllers\\Client\\HomeController->__invoke()
#22 /home/kristinayudina/works/da-you.ru/www/vendor/laravel/framework/src/Illuminate/Routing/Controller.php(54): call_user_func_array(Array, Array)
#23 /home/kristinayudina/works/da-you.ru/www/vendor/laravel/framework/src/Illuminate/Routing/ControllerDispatcher.php(45): Illuminate\\Routing\\Controller->callAction('__invoke', Array)
#24 /home/kristinayudina/works/da-you.ru/www/vendor/laravel/framework/src/Illuminate/Routing/Route.php(225): Illuminate\\Routing\\ControllerDispatcher->dispatch(Object(Illuminate\\Routing\\Route), Object(App\\Http\\Controllers\\Client\\HomeController), '__invoke')
#25 /home/kristinayudina/works/da-you.ru/www/vendor/laravel/framework/src/Illuminate/Routing/Route.php(182): Illuminate\\Routing\\Route->runController()
#26 /home/kristinayudina/works/da-you.ru/www/vendor/laravel/framework/src/Illuminate/Routing/Router.php(685): Illuminate\\Routing\\Route->run()
#27 /home/kristinayudina/works/da-you.ru/www/vendor/laravel/framework/src/Illuminate/Pipeline/Pipeline.php(128): Illuminate\\Routing\\Router->Illuminate\\Routing\\{closure}(Object(Illuminate\\Http\\Request))
#28 /home/kristinayudina/works/da-you.ru/www/app/Http/Middleware/Redirects.php(28): Illuminate\\Pipeline\\Pipeline->Illuminate\\Pipeline\\{closure}(Object(Illuminate\\Http\\Request))
#29 /home/kristinayudina/works/da-you.ru/www/vendor/laravel/framework/src/Illuminate/Pipeline/Pipeline.php(167): App\\Http\\Middleware\\Redirects->handle(Object(Illuminate\\Http\\Request), Object(Closure))
#30 /home/kristinayudina/works/da-you.ru/www/vendor/laravel/framework/src/Illuminate/Routing/Middleware/SubstituteBindings.php(41): Illuminate\\Pipeline\\Pipeline->Illuminate\\Pipeline\\{closure}(Object(Illuminate\\Http\\Request))
#31 /home/kristinayudina/works/da-you.ru/www/vendor/laravel/framework/src/Illuminate/Pipeline/Pipeline.php(167): Illuminate\\Routing\\Middleware\\SubstituteBindings->handle(Object(Illuminate\\Http\\Request), Object(Closure))
#32 /home/kristinayudina/works/da-you.ru/www/vendor/laravel/framework/src/Illuminate/Foundation/Http/Middleware/VerifyCsrfToken.php(76): Illuminate\\Pipeline\\Pipeline->Illuminate\\Pipeline\\{closure}(Object(Illuminate\\Http\\Request))
#33 /home/kristinayudina/works/da-you.ru/www/vendor/laravel/framework/src/Illuminate/Pipeline/Pipeline.php(167): Illuminate\\Foundation\\Http\\Middleware\\VerifyCsrfToken->handle(Object(Illuminate\\Http\\Request), Object(Closure))
#34 /home/kristinayudina/works/da-you.ru/www/vendor/laravel/framework/src/Illuminate/View/Middleware/ShareErrorsFromSession.php(49): Illuminate\\Pipeline\\Pipeline->Illuminate\\Pipeline\\{closure}(Object(Illuminate\\Http\\Request))
#35 /home/kristinayudina/works/da-you.ru/www/vendor/laravel/framework/src/Illuminate/Pipeline/Pipeline.php(167): Illuminate\\View\\Middleware\\ShareErrorsFromSession->handle(Object(Illuminate\\Http\\Request), Object(Closure))
#36 /home/kristinayudina/works/da-you.ru/www/vendor/laravel/framework/src/Illuminate/Session/Middleware/StartSession.php(56): Illuminate\\Pipeline\\Pipeline->Illuminate\\Pipeline\\{closure}(Object(Illuminate\\Http\\Request))
#37 /home/kristinayudina/works/da-you.ru/www/vendor/laravel/framework/src/Illuminate/Pipeline/Pipeline.php(167): Illuminate\\Session\\Middleware\\StartSession->handle(Object(Illuminate\\Http\\Request), Object(Closure))
#38 /home/kristinayudina/works/da-you.ru/www/vendor/laravel/framework/src/Illuminate/Cookie/Middleware/AddQueuedCookiesToResponse.php(37): Illuminate\\Pipeline\\Pipeline->Illuminate\\Pipeline\\{closure}(Object(Illuminate\\Http\\Request))
#39 /home/kristinayudina/works/da-you.ru/www/vendor/laravel/framework/src/Illuminate/Pipeline/Pipeline.php(167): Illuminate\\Cookie\\Middleware\\AddQueuedCookiesToResponse->handle(Object(Illuminate\\Http\\Request), Object(Closure))
#40 /home/kristinayudina/works/da-you.ru/www/vendor/laravel/framework/src/Illuminate/Cookie/Middleware/EncryptCookies.php(66): Illuminate\\Pipeline\\Pipeline->Illuminate\\Pipeline\\{closure}(Object(Illuminate\\Http\\Request))
#41 /home/kristinayudina/works/da-you.ru/www/vendor/laravel/framework/src/Illuminate/Pipeline/Pipeline.php(167): Illuminate\\Cookie\\Middleware\\EncryptCookies->handle(Object(Illuminate\\Http\\Request), Object(Closure))
#42 /home/kristinayudina/works/da-you.ru/www/vendor/laravel/framework/src/Illuminate/Pipeline/Pipeline.php(103): Illuminate\\Pipeline\\Pipeline->Illuminate\\Pipeline\\{closure}(Object(Illuminate\\Http\\Request))
#43 /home/kristinayudina/works/da-you.ru/www/vendor/laravel/framework/src/Illuminate/Routing/Router.php(687): Illuminate\\Pipeline\\Pipeline->then(Object(Closure))
#44 /home/kristinayudina/works/da-you.ru/www/vendor/laravel/framework/src/Illuminate/Routing/Router.php(662): Illuminate\\Routing\\Router->runRouteWithinStack(Object(Illuminate\\Routing\\Route), Object(Illuminate\\Http\\Request))
#45 /home/kristinayudina/works/da-you.ru/www/vendor/laravel/framework/src/Illuminate/Routing/Router.php(628): Illuminate\\Routing\\Router->runRoute(Object(Illuminate\\Http\\Request), Object(Illuminate\\Routing\\Route))
#46 /home/kristinayudina/works/da-you.ru/www/vendor/laravel/framework/src/Illuminate/Routing/Router.php(617): Illuminate\\Routing\\Router->dispatchToRoute(Object(Illuminate\\Http\\Request))
#47 /home/kristinayudina/works/da-you.ru/www/vendor/laravel/framework/src/Illuminate/Foundation/Http/Kernel.php(165): Illuminate\\Routing\\Router->dispatch(Object(Illuminate\\Http\\Request))
#48 /home/kristinayudina/works/da-you.ru/www/vendor/laravel/framework/src/Illuminate/Pipeline/Pipeline.php(128): Illuminate\\Foundation\\Http\\Kernel->Illuminate\\Foundation\\Http\\{closure}(Object(Illuminate\\Http\\Request))
#49 /home/kristinayudina/works/da-you.ru/www/vendor/barryvdh/laravel-debugbar/src/Middleware/InjectDebugbar.php(58): Illuminate\\Pipeline\\Pipeline->Illuminate\\Pipeline\\{closure}(Object(Illuminate\\Http\\Request))
#50 /home/kristinayudina/works/da-you.ru/www/vendor/laravel/framework/src/Illuminate/Pipeline/Pipeline.php(167): Barryvdh\\Debugbar\\Middleware\\InjectDebugbar->handle(Object(Illuminate\\Http\\Request), Object(Closure))
#51 /home/kristinayudina/works/da-you.ru/www/vendor/laravel/framework/src/Illuminate/Foundation/Http/Middleware/TransformsRequest.php(21): Illuminate\\Pipeline\\Pipeline->Illuminate\\Pipeline\\{closure}(Object(Illuminate\\Http\\Request))
#52 /home/kristinayudina/works/da-you.ru/www/vendor/laravel/framework/src/Illuminate/Pipeline/Pipeline.php(167): Illuminate\\Foundation\\Http\\Middleware\\TransformsRequest->handle(Object(Illuminate\\Http\\Request), Object(Closure))
#53 /home/kristinayudina/works/da-you.ru/www/vendor/laravel/framework/src/Illuminate/Foundation/Http/Middleware/TransformsRequest.php(21): Illuminate\\Pipeline\\Pipeline->Illuminate\\Pipeline\\{closure}(Object(Illuminate\\Http\\Request))
#54 /home/kristinayudina/works/da-you.ru/www/vendor/laravel/framework/src/Illuminate/Pipeline/Pipeline.php(167): Illuminate\\Foundation\\Http\\Middleware\\TransformsRequest->handle(Object(Illuminate\\Http\\Request), Object(Closure))
#55 /home/kristinayudina/works/da-you.ru/www/vendor/laravel/framework/src/Illuminate/Foundation/Http/Middleware/ValidatePostSize.php(27): Illuminate\\Pipeline\\Pipeline->Illuminate\\Pipeline\\{closure}(Object(Illuminate\\Http\\Request))
#56 /home/kristinayudina/works/da-you.ru/www/vendor/laravel/framework/src/Illuminate/Pipeline/Pipeline.php(167): Illuminate\\Foundation\\Http\\Middleware\\ValidatePostSize->handle(Object(Illuminate\\Http\\Request), Object(Closure))
#57 /home/kristinayudina/works/da-you.ru/www/vendor/laravel/framework/src/Illuminate/Foundation/Http/Middleware/CheckForMaintenanceMode.php(63): Illuminate\\Pipeline\\Pipeline->Illuminate\\Pipeline\\{closure}(Object(Illuminate\\Http\\Request))
#58 /home/kristinayudina/works/da-you.ru/www/vendor/laravel/framework/src/Illuminate/Pipeline/Pipeline.php(167): Illuminate\\Foundation\\Http\\Middleware\\CheckForMaintenanceMode->handle(Object(Illuminate\\Http\\Request), Object(Closure))
#59 /home/kristinayudina/works/da-you.ru/www/vendor/fideloper/proxy/src/TrustProxies.php(57): Illuminate\\Pipeline\\Pipeline->Illuminate\\Pipeline\\{closure}(Object(Illuminate\\Http\\Request))
#60 /home/kristinayudina/works/da-you.ru/www/vendor/laravel/framework/src/Illuminate/Pipeline/Pipeline.php(167): Fideloper\\Proxy\\TrustProxies->handle(Object(Illuminate\\Http\\Request), Object(Closure))
#61 /home/kristinayudina/works/da-you.ru/www/vendor/laravel/framework/src/Illuminate/Pipeline/Pipeline.php(103): Illuminate\\Pipeline\\Pipeline->Illuminate\\Pipeline\\{closure}(Object(Illuminate\\Http\\Request))
#62 /home/kristinayudina/works/da-you.ru/www/vendor/laravel/framework/src/Illuminate/Foundation/Http/Kernel.php(140): Illuminate\\Pipeline\\Pipeline->then(Object(Closure))
#63 /home/kristinayudina/works/da-you.ru/www/vendor/laravel/framework/src/Illuminate/Foundation/Http/Kernel.php(109): Illuminate\\Foundation\\Http\\Kernel->sendRequestThroughRouter(Object(Illuminate\\Http\\Request))
#64 /home/kristinayudina/works/da-you.ru/www/public/index.php(55): Illuminate\\Foundation\\Http\\Kernel->handle(Object(Illuminate\\Http\\Request))
#65 {main}

[previous exception] [object] (PDOException(code: 42S22): SQLSTATE[42S22]: Column not found: 1054 Unknown column 'score' in 'field list' at /home/kristinayudina/works/da-you.ru/www/vendor/doctrine/dbal/lib/Doctrine/DBAL/Driver/PDOConnection.php:61)
[stacktrace]
#0 /home/kristinayudina/works/da-you.ru/www/vendor/doctrine/dbal/lib/Doctrine/DBAL/Driver/PDOConnection.php(61): PDO->prepare('select `score` ...', Array)
#1 /home/kristinayudina/works/da-you.ru/www/vendor/laravel/framework/src/Illuminate/Database/Connection.php(331): Doctrine\\DBAL\\Driver\\PDOConnection->prepare('select `score` ...')
#2 /home/kristinayudina/works/da-you.ru/www/vendor/laravel/framework/src/Illuminate/Database/Connection.php(663): Illuminate\\Database\\Connection->Illuminate\\Database\\{closure}('select `score` ...', Array)
#3 /home/kristinayudina/works/da-you.ru/www/vendor/laravel/framework/src/Illuminate/Database/Connection.php(630): Illuminate\\Database\\Connection->runQueryCallback('select `score` ...', Array, Object(Closure))
#4 /home/kristinayudina/works/da-you.ru/www/vendor/laravel/framework/src/Illuminate/Database/Connection.php(339): Illuminate\\Database\\Connection->run('select `score` ...', Array, Object(Closure))
#5 /home/kristinayudina/works/da-you.ru/www/vendor/laravel/framework/src/Illuminate/Database/Query/Builder.php(2178): Illuminate\\Database\\Connection->select('select `score` ...', Array, true)
#6 /home/kristinayudina/works/da-you.ru/www/vendor/laravel/framework/src/Illuminate/Database/Query/Builder.php(2330): Illuminate\\Database\\Query\\Builder->runSelect()
#7 /home/kristinayudina/works/da-you.ru/www/vendor/laravel/framework/src/Illuminate/Database/Query/Builder.php(2638): Illuminate\\Database\\Query\\Builder->Illuminate\\Database\\Query\\{closure}()
#8 /home/kristinayudina/works/da-you.ru/www/vendor/laravel/framework/src/Illuminate/Database/Query/Builder.php(2332): Illuminate\\Database\\Query\\Builder->onceWithColumns(Array, Object(Closure))
#9 /home/kristinayudina/works/da-you.ru/www/vendor/laravel/framework/src/Illuminate/Database/Eloquent/Builder.php(689): Illuminate\\Database\\Query\\Builder->pluck('score', NULL)
#10 /home/kristinayudina/works/da-you.ru/www/vendor/laravel/framework/src/Illuminate/Support/Traits/ForwardsCalls.php(23): Illuminate\\Database\\Eloquent\\Builder->pluck('score')
#11 /home/kristinayudina/works/da-you.ru/www/vendor/laravel/framework/src/Illuminate/Database/Eloquent/Relations/Relation.php(385): Illuminate\\Database\\Eloquent\\Relations\\Relation->forwardCallTo(Object(Illuminate\\Database\\Eloquent\\Builder), 'pluck', Array)
#12 /home/kristinayudina/works/da-you.ru/www/app/Models/Product.php(313): Illuminate\\Database\\Eloquent\\Relations\\Relation->__call('pluck', Array)
#13 /home/kristinayudina/works/da-you.ru/www/vendor/laravel/framework/src/Illuminate/Database/Eloquent/Concerns/HasAttributes.php(466): App\\Models\\Product->getRatingAttribute(NULL)
#14 /home/kristinayudina/works/da-you.ru/www/vendor/laravel/framework/src/Illuminate/Database/Eloquent/Concerns/HasAttributes.php(1402): Illuminate\\Database\\Eloquent\\Model->mutateAttribute('rating', NULL)
#15 /home/kristinayudina/works/da-you.ru/www/vendor/laravel/framework/src/Illuminate/Database/Eloquent/Concerns/HasAttributes.php(380): Illuminate\\Database\\Eloquent\\Model->transformModelValue('rating', NULL)
#16 /home/kristinayudina/works/da-you.ru/www/vendor/laravel/framework/src/Illuminate/Database/Eloquent/Concerns/HasAttributes.php(359): Illuminate\\Database\\Eloquent\\Model->getAttributeValue('rating')
#17 /home/kristinayudina/works/da-you.ru/www/vendor/laravel/framework/src/Illuminate/Database/Eloquent/Model.php(1567): Illuminate\\Database\\Eloquent\\Model->getAttribute('rating')
#18 /home/kristinayudina/works/da-you.ru/www/app/Services/DataProviders/ProductList/ProductListBuilder.php(41): Illuminate\\Database\\Eloquent\\Model->__get('rating')
#19 /home/kristinayudina/works/da-you.ru/www/app/Services/DataProviders/Home/Home/ProductGroups.php(24): App\\Services\\DataProviders\\ProductList\\ProductListBuilder->buildDataForProducts(Array)
#20 /home/kristinayudina/works/da-you.ru/www/app/Services/DataProviders/Home/Home.php(25): App\\Services\\DataProviders\\Home\\Home\\ProductGroups->provideData()
#21 /home/kristinayudina/works/da-you.ru/www/app/Http/Controllers/Client/HomeController.php(40): App\\Services\\DataProviders\\Home\\Home->provideData()
#22 [internal function]: App\\Http\\Controllers\\Client\\HomeController->__invoke()
#23 /home/kristinayudina/works/da-you.ru/www/vendor/laravel/framework/src/Illuminate/Routing/Controller.php(54): call_user_func_array(Array, Array)
#24 /home/kristinayudina/works/da-you.ru/www/vendor/laravel/framework/src/Illuminate/Routing/ControllerDispatcher.php(45): Illuminate\\Routing\\Controller->callAction('__invoke', Array)
#25 /home/kristinayudina/works/da-you.ru/www/vendor/laravel/framework/src/Illuminate/Routing/Route.php(225): Illuminate\\Routing\\ControllerDispatcher->dispatch(Object(Illuminate\\Routing\\Route), Object(App\\Http\\Controllers\\Client\\HomeController), '__invoke')
#26 /home/kristinayudina/works/da-you.ru/www/vendor/laravel/framework/src/Illuminate/Routing/Route.php(182): Illuminate\\Routing\\Route->runController()
#27 /home/kristinayudina/works/da-you.ru/www/vendor/laravel/framework/src/Illuminate/Routing/Router.php(685): Illuminate\\Routing\\Route->run()
#28 /home/kristinayudina/works/da-you.ru/www/vendor/laravel/framework/src/Illuminate/Pipeline/Pipeline.php(128): Illuminate\\Routing\\Router->Illuminate\\Routing\\{closure}(Object(Illuminate\\Http\\Request))
#29 /home/kristinayudina/works/da-you.ru/www/app/Http/Middleware/Redirects.php(28): Illuminate\\Pipeline\\Pipeline->Illuminate\\Pipeline\\{closure}(Object(Illuminate\\Http\\Request))
#30 /home/kristinayudina/works/da-you.ru/www/vendor/laravel/framework/src/Illuminate/Pipeline/Pipeline.php(167): App\\Http\\Middleware\\Redirects->handle(Object(Illuminate\\Http\\Request), Object(Closure))
#31 /home/kristinayudina/works/da-you.ru/www/vendor/laravel/framework/src/Illuminate/Routing/Middleware/SubstituteBindings.php(41): Illuminate\\Pipeline\\Pipeline->Illuminate\\Pipeline\\{closure}(Object(Illuminate\\Http\\Request))
#32 /home/kristinayudina/works/da-you.ru/www/vendor/laravel/framework/src/Illuminate/Pipeline/Pipeline.php(167): Illuminate\\Routing\\Middleware\\SubstituteBindings->handle(Object(Illuminate\\Http\\Request), Object(Closure))
#33 /home/kristinayudina/works/da-you.ru/www/vendor/laravel/framework/src/Illuminate/Foundation/Http/Middleware/VerifyCsrfToken.php(76): Illuminate\\Pipeline\\Pipeline->Illuminate\\Pipeline\\{closure}(Object(Illuminate\\Http\\Request))
#34 /home/kristinayudina/works/da-you.ru/www/vendor/laravel/framework/src/Illuminate/Pipeline/Pipeline.php(167): Illuminate\\Foundation\\Http\\Middleware\\VerifyCsrfToken->handle(Object(Illuminate\\Http\\Request), Object(Closure))
#35 /home/kristinayudina/works/da-you.ru/www/vendor/laravel/framework/src/Illuminate/View/Middleware/ShareErrorsFromSession.php(49): Illuminate\\Pipeline\\Pipeline->Illuminate\\Pipeline\\{closure}(Object(Illuminate\\Http\\Request))
#36 /home/kristinayudina/works/da-you.ru/www/vendor/laravel/framework/src/Illuminate/Pipeline/Pipeline.php(167): Illuminate\\View\\Middleware\\ShareErrorsFromSession->handle(Object(Illuminate\\Http\\Request), Object(Closure))
#37 /home/kristinayudina/works/da-you.ru/www/vendor/laravel/framework/src/Illuminate/Session/Middleware/StartSession.php(56): Illuminate\\Pipeline\\Pipeline->Illuminate\\Pipeline\\{closure}(Object(Illuminate\\Http\\Request))
#38 /home/kristinayudina/works/da-you.ru/www/vendor/laravel/framework/src/Illuminate/Pipeline/Pipeline.php(167): Illuminate\\Session\\Middleware\\StartSession->handle(Object(Illuminate\\Http\\Request), Object(Closure))
#39 /home/kristinayudina/works/da-you.ru/www/vendor/laravel/framework/src/Illuminate/Cookie/Middleware/AddQueuedCookiesToResponse.php(37): Illuminate\\Pipeline\\Pipeline->Illuminate\\Pipeline\\{closure}(Object(Illuminate\\Http\\Request))
#40 /home/kristinayudina/works/da-you.ru/www/vendor/laravel/framework/src/Illuminate/Pipeline/Pipeline.php(167): Illuminate\\Cookie\\Middleware\\AddQueuedCookiesToResponse->handle(Object(Illuminate\\Http\\Request), Object(Closure))
#41 /home/kristinayudina/works/da-you.ru/www/vendor/laravel/framework/src/Illuminate/Cookie/Middleware/EncryptCookies.php(66): Illuminate\\Pipeline\\Pipeline->Illuminate\\Pipeline\\{closure}(Object(Illuminate\\Http\\Request))
#42 /home/kristinayudina/works/da-you.ru/www/vendor/laravel/framework/src/Illuminate/Pipeline/Pipeline.php(167): Illuminate\\Cookie\\Middleware\\EncryptCookies->handle(Object(Illuminate\\Http\\Request), Object(Closure))
#43 /home/kristinayudina/works/da-you.ru/www/vendor/laravel/framework/src/Illuminate/Pipeline/Pipeline.php(103): Illuminate\\Pipeline\\Pipeline->Illuminate\\Pipeline\\{closure}(Object(Illuminate\\Http\\Request))
#44 /home/kristinayudina/works/da-you.ru/www/vendor/laravel/framework/src/Illuminate/Routing/Router.php(687): Illuminate\\Pipeline\\Pipeline->then(Object(Closure))
#45 /home/kristinayudina/works/da-you.ru/www/vendor/laravel/framework/src/Illuminate/Routing/Router.php(662): Illuminate\\Routing\\Router->runRouteWithinStack(Object(Illuminate\\Routing\\Route), Object(Illuminate\\Http\\Request))
#46 /home/kristinayudina/works/da-you.ru/www/vendor/laravel/framework/src/Illuminate/Routing/Router.php(628): Illuminate\\Routing\\Router->runRoute(Object(Illuminate\\Http\\Request), Object(Illuminate\\Routing\\Route))
#47 /home/kristinayudina/works/da-you.ru/www/vendor/laravel/framework/src/Illuminate/Routing/Router.php(617): Illuminate\\Routing\\Router->dispatchToRoute(Object(Illuminate\\Http\\Request))
#48 /home/kristinayudina/works/da-you.ru/www/vendor/laravel/framework/src/Illuminate/Foundation/Http/Kernel.php(165): Illuminate\\Routing\\Router->dispatch(Object(Illuminate\\Http\\Request))
#49 /home/kristinayudina/works/da-you.ru/www/vendor/laravel/framework/src/Illuminate/Pipeline/Pipeline.php(128): Illuminate\\Foundation\\Http\\Kernel->Illuminate\\Foundation\\Http\\{closure}(Object(Illuminate\\Http\\Request))
#50 /home/kristinayudina/works/da-you.ru/www/vendor/barryvdh/laravel-debugbar/src/Middleware/InjectDebugbar.php(58): Illuminate\\Pipeline\\Pipeline->Illuminate\\Pipeline\\{closure}(Object(Illuminate\\Http\\Request))
#51 /home/kristinayudina/works/da-you.ru/www/vendor/laravel/framework/src/Illuminate/Pipeline/Pipeline.php(167): Barryvdh\\Debugbar\\Middleware\\InjectDebugbar->handle(Object(Illuminate\\Http\\Request), Object(Closure))
#52 /home/kristinayudina/works/da-you.ru/www/vendor/laravel/framework/src/Illuminate/Foundation/Http/Middleware/TransformsRequest.php(21): Illuminate\\Pipeline\\Pipeline->Illuminate\\Pipeline\\{closure}(Object(Illuminate\\Http\\Request))
#53 /home/kristinayudina/works/da-you.ru/www/vendor/laravel/framework/src/Illuminate/Pipeline/Pipeline.php(167): Illuminate\\Foundation\\Http\\Middleware\\TransformsRequest->handle(Object(Illuminate\\Http\\Request), Object(Closure))
#54 /home/kristinayudina/works/da-you.ru/www/vendor/laravel/framework/src/Illuminate/Foundation/Http/Middleware/TransformsRequest.php(21): Illuminate\\Pipeline\\Pipeline->Illuminate\\Pipeline\\{closure}(Object(Illuminate\\Http\\Request))
#55 /home/kristinayudina/works/da-you.ru/www/vendor/laravel/framework/src/Illuminate/Pipeline/Pipeline.php(167): Illuminate\\Foundation\\Http\\Middleware\\TransformsRequest->handle(Object(Illuminate\\Http\\Request), Object(Closure))
#56 /home/kristinayudina/works/da-you.ru/www/vendor/laravel/framework/src/Illuminate/Foundation/Http/Middleware/ValidatePostSize.php(27): Illuminate\\Pipeline\\Pipeline->Illuminate\\Pipeline\\{closure}(Object(Illuminate\\Http\\Request))
#57 /home/kristinayudina/works/da-you.ru/www/vendor/laravel/framework/src/Illuminate/Pipeline/Pipeline.php(167): Illuminate\\Foundation\\Http\\Middleware\\ValidatePostSize->handle(Object(Illuminate\\Http\\Request), Object(Closure))
#58 /home/kristinayudina/works/da-you.ru/www/vendor/laravel/framework/src/Illuminate/Foundation/Http/Middleware/CheckForMaintenanceMode.php(63): Illuminate\\Pipeline\\Pipeline->Illuminate\\Pipeline\\{closure}(Object(Illuminate\\Http\\Request))
#59 /home/kristinayudina/works/da-you.ru/www/vendor/laravel/framework/src/Illuminate/Pipeline/Pipeline.php(167): Illuminate\\Foundation\\Http\\Middleware\\CheckForMaintenanceMode->handle(Object(Illuminate\\Http\\Request), Object(Closure))
#60 /home/kristinayudina/works/da-you.ru/www/vendor/fideloper/proxy/src/TrustProxies.php(57): Illuminate\\Pipeline\\Pipeline->Illuminate\\Pipeline\\{closure}(Object(Illuminate\\Http\\Request))
#61 /home/kristinayudina/works/da-you.ru/www/vendor/laravel/framework/src/Illuminate/Pipeline/Pipeline.php(167): Fideloper\\Proxy\\TrustProxies->handle(Object(Illuminate\\Http\\Request), Object(Closure))
#62 /home/kristinayudina/works/da-you.ru/www/vendor/laravel/framework/src/Illuminate/Pipeline/Pipeline.php(103): Illuminate\\Pipeline\\Pipeline->Illuminate\\Pipeline\\{closure}(Object(Illuminate\\Http\\Request))
#63 /home/kristinayudina/works/da-you.ru/www/vendor/laravel/framework/src/Illuminate/Foundation/Http/Kernel.php(140): Illuminate\\Pipeline\\Pipeline->then(Object(Closure))
#64 /home/kristinayudina/works/da-you.ru/www/vendor/laravel/framework/src/Illuminate/Foundation/Http/Kernel.php(109): Illuminate\\Foundation\\Http\\Kernel->sendRequestThroughRouter(Object(Illuminate\\Http\\Request))
#65 /home/kristinayudina/works/da-you.ru/www/public/index.php(55): Illuminate\\Foundation\\Http\\Kernel->handle(Object(Illuminate\\Http\\Request))
#66 {main}
"} 
