[2021-03-31 18:10:25] local.ERROR: SQLSTATE[HY000] [1049] Unknown database 'dayou.ru' (SQL: select * from `settings`) {"exception":"[object] (Illuminate\\Database\\QueryException(code: 1049): SQLSTATE[HY000] [1049] Unknown database 'dayou.ru' (SQL: select * from `settings`) at /home/kristinayudina/works/da-you.ru/www/vendor/laravel/framework/src/Illuminate/Database/Connection.php:670)
[stacktrace]
#0 /home/kristinayudina/works/da-you.ru/www/vendor/laravel/framework/src/Illuminate/Database/Connection.php(630): Illuminate\\Database\\Connection->runQueryCallback('select * from `...', Array, Object(Closure))
#1 /home/kristinayudina/works/da-you.ru/www/vendor/laravel/framework/src/Illuminate/Database/Connection.php(339): Illuminate\\Database\\Connection->run('select * from `...', Array, Object(Closure))
#2 /home/kristinayudina/works/da-you.ru/www/vendor/laravel/framework/src/Illuminate/Database/Query/Builder.php(2178): Illuminate\\Database\\Connection->select('select * from `...', Array, true)
#3 /home/kristinayudina/works/da-you.ru/www/vendor/laravel/framework/src/Illuminate/Database/Query/Builder.php(2166): Illuminate\\Database\\Query\\Builder->runSelect()
#4 /home/kristinayudina/works/da-you.ru/www/vendor/laravel/framework/src/Illuminate/Database/Query/Builder.php(2638): Illuminate\\Database\\Query\\Builder->Illuminate\\Database\\Query\\{closure}()
#5 /home/kristinayudina/works/da-you.ru/www/vendor/laravel/framework/src/Illuminate/Database/Query/Builder.php(2167): Illuminate\\Database\\Query\\Builder->onceWithColumns(Array, Object(Closure))
#6 /home/kristinayudina/works/da-you.ru/www/vendor/laravel/framework/src/Illuminate/Database/Eloquent/Builder.php(539): Illuminate\\Database\\Query\\Builder->get(Array)
#7 /home/kristinayudina/works/da-you.ru/www/vendor/laravel/framework/src/Illuminate/Database/Eloquent/Builder.php(523): Illuminate\\Database\\Eloquent\\Builder->getModels(Array)
#8 /home/kristinayudina/works/da-you.ru/www/vendor/laravel/framework/src/Illuminate/Database/Eloquent/Model.php(486): Illuminate\\Database\\Eloquent\\Builder->get(Array)
#9 /home/kristinayudina/works/da-you.ru/www/app/Services/Repositories/Setting/EloquentSettingRepository.php(39): Illuminate\\Database\\Eloquent\\Model::all()
#10 /home/kristinayudina/works/da-you.ru/www/app/Services/Settings/SettingGetter.php(47): App\\Services\\Repositories\\Setting\\EloquentSettingRepository->all()
#11 /home/kristinayudina/works/da-you.ru/www/app/Services/Settings/SettingGetter.php(34): App\\Services\\Settings\\SettingGetter->fill()
#12 [internal function]: App\\Services\\Settings\\SettingGetter->__construct(Object(App\\Services\\Settings\\SettingContainer), Object(App\\Services\\Repositories\\Setting\\EloquentSettingRepository))
#13 /home/kristinayudina/works/da-you.ru/www/vendor/laravel/framework/src/Illuminate/Container/Container.php(847): ReflectionClass->newInstanceArgs(Array)
#14 /home/kristinayudina/works/da-you.ru/www/vendor/laravel/framework/src/Illuminate/Container/Container.php(685): Illuminate\\Container\\Container->build('App\\\\Services\\\\Se...')
#15 /home/kristinayudina/works/da-you.ru/www/vendor/laravel/framework/src/Illuminate/Foundation/Application.php(794): Illuminate\\Container\\Container->resolve('App\\\\Services\\\\Se...', Array, true)
#16 /home/kristinayudina/works/da-you.ru/www/vendor/laravel/framework/src/Illuminate/Container/Container.php(633): Illuminate\\Foundation\\Application->resolve('App\\\\Services\\\\Se...', Array)
#17 /home/kristinayudina/works/da-you.ru/www/vendor/laravel/framework/src/Illuminate/Foundation/Application.php(779): Illuminate\\Container\\Container->make('App\\\\Services\\\\Se...', Array)
#18 /home/kristinayudina/works/da-you.ru/www/app/Providers/SettingsServiceProvider.php(225): Illuminate\\Foundation\\Application->make('App\\\\Services\\\\Se...')
#19 /home/kristinayudina/works/da-you.ru/www/vendor/laravel/framework/src/Illuminate/Container/Container.php(803): App\\Providers\\SettingsServiceProvider->App\\Providers\\{closure}(Object(Illuminate\\Foundation\\Application), Array)
#20 /home/kristinayudina/works/da-you.ru/www/vendor/laravel/framework/src/Illuminate/Container/Container.php(685): Illuminate\\Container\\Container->build(Object(Closure))
#21 /home/kristinayudina/works/da-you.ru/www/vendor/laravel/framework/src/Illuminate/Foundation/Application.php(794): Illuminate\\Container\\Container->resolve('setting', Array, true)
#22 /home/kristinayudina/works/da-you.ru/www/vendor/laravel/framework/src/Illuminate/Container/Container.php(633): Illuminate\\Foundation\\Application->resolve('setting', Array)
#23 /home/kristinayudina/works/da-you.ru/www/vendor/laravel/framework/src/Illuminate/Foundation/Application.php(779): Illuminate\\Container\\Container->make('setting', Array)
#24 /home/kristinayudina/works/da-you.ru/www/vendor/laravel/framework/src/Illuminate/Container/Container.php(1249): Illuminate\\Foundation\\Application->make('setting')
#25 /home/kristinayudina/works/da-you.ru/www/vendor/laravel/framework/src/Illuminate/Support/Facades/Facade.php(198): Illuminate\\Container\\Container->offsetGet('setting')
#26 /home/kristinayudina/works/da-you.ru/www/vendor/laravel/framework/src/Illuminate/Support/Facades/Facade.php(166): Illuminate\\Support\\Facades\\Facade::resolveFacadeInstance('setting')
#27 /home/kristinayudina/works/da-you.ru/www/vendor/laravel/framework/src/Illuminate/Support/Facades/Facade.php(255): Illuminate\\Support\\Facades\\Facade::getFacadeRoot()
#28 /home/kristinayudina/works/da-you.ru/www/app/Http/Middleware/Redirects.php(41): Illuminate\\Support\\Facades\\Facade::__callStatic('get', Array)
#29 /home/kristinayudina/works/da-you.ru/www/app/Http/Middleware/Redirects.php(18): App\\Http\\Middleware\\Redirects->getRuleList()
#30 /home/kristinayudina/works/da-you.ru/www/vendor/laravel/framework/src/Illuminate/Pipeline/Pipeline.php(167): App\\Http\\Middleware\\Redirects->handle(Object(Illuminate\\Http\\Request), Object(Closure))
#31 /home/kristinayudina/works/da-you.ru/www/vendor/laravel/framework/src/Illuminate/Routing/Middleware/SubstituteBindings.php(41): Illuminate\\Pipeline\\Pipeline->Illuminate\\Pipeline\\{closure}(Object(Illuminate\\Http\\Request))
#32 /home/kristinayudina/works/da-you.ru/www/vendor/laravel/framework/src/Illuminate/Pipeline/Pipeline.php(167): Illuminate\\Routing\\Middleware\\SubstituteBindings->handle(Object(Illuminate\\Http\\Request), Object(Closure))
#33 /home/kristinayudina/works/da-you.ru/www/vendor/laravel/framework/src/Illuminate/Foundation/Http/Middleware/VerifyCsrfToken.php(76): Illuminate\\Pipeline\\Pipeline->Illuminate\\Pipeline\\{closure}(Object(Illuminate\\Http\\Request))
#34 /home/kristinayudina/works/da-you.ru/www/vendor/laravel/framework/src/Illuminate/Pipeline/Pipeline.php(167): Illuminate\\Foundation\\Http\\Middleware\\VerifyCsrfToken->handle(Object(Illuminate\\Http\\Request), Object(Closure))
#35 /home/kristinayudina/works/da-you.ru/www/vendor/laravel/framework/src/Illuminate/View/Middleware/ShareErrorsFromSession.php(49): Illuminate\\Pipeline\\Pipeline->Illuminate\\Pipeline\\{closure}(Object(Illuminate\\Http\\Request))
#36 /home/kristinayudina/works/da-you.ru/www/vendor/laravel/framework/src/Illuminate/Pipeline/Pipeline.php(167): Illuminate\\View\\Middleware\\ShareErrorsFromSession->handle(Object(Illuminate\\Http\\Request), Object(Closure))
#37 /home/kristinayudina/works/da-you.ru/www/vendor/laravel/framework/src/Illuminate/Session/Middleware/StartSession.php(56): Illuminate\\Pipeline\\Pipeline->Illuminate\\Pipeline\\{closure}(Object(Illuminate\\Http\\Request))
#38 /home/kristinayudina/works/da-you.ru/www/vendor/laravel/framework/src/Illuminate/Pipeline/Pipeline.php(167): Illuminate\\Session\\Middleware\\StartSession->handle(Object(Illuminate\\Http\\Request), Object(Closure))
#39 /home/kristinayudina/works/da-you.ru/www/vendor/laravel/framework/src/Illuminate/Cookie/Middleware/AddQueuedCookiesToResponse.php(37): Illuminate\\Pipeline\\Pipeline->Illuminate\\Pipeline\\{closure}(Object(Illuminate\\Http\\Request))
#40 /home/kristinayudina/works/da-you.ru/www/vendor/laravel/framework/src/Illuminate/Pipeline/Pipeline.php(167): Illuminate\\Cookie\\Middleware\\AddQueuedCookiesToResponse->handle(Object(Illuminate\\Http\\Request), Object(Closure))
#41 /home/kristinayudina/works/da-you.ru/www/vendor/laravel/framework/src/Illuminate/Cookie/Middleware/EncryptCookies.php(66): Illuminate\\Pipeline\\Pipeline->Illuminate\\Pipeline\\{closure}(Object(Illuminate\\Http\\Request))
#42 /home/kristinayudina/works/da-you.ru/www/vendor/laravel/framework/src/Illuminate/Pipeline/Pipeline.php(167): Illuminate\\Cookie\\Middleware\\EncryptCookies->handle(Object(Illuminate\\Http\\Request), Object(Closure))
#43 /home/kristinayudina/works/da-you.ru/www/vendor/laravel/framework/src/Illuminate/Pipeline/Pipeline.php(103): Illuminate\\Pipeline\\Pipeline->Illuminate\\Pipeline\\{closure}(Object(Illuminate\\Http\\Request))
#44 /home/kristinayudina/works/da-you.ru/www/vendor/laravel/framework/src/Illuminate/Routing/Router.php(687): Illuminate\\Pipeline\\Pipeline->then(Object(Closure))
#45 /home/kristinayudina/works/da-you.ru/www/vendor/laravel/framework/src/Illuminate/Routing/Router.php(662): Illuminate\\Routing\\Router->runRouteWithinStack(Object(Illuminate\\Routing\\Route), Object(Illuminate\\Http\\Request))
#46 /home/kristinayudina/works/da-you.ru/www/vendor/laravel/framework/src/Illuminate/Routing/Router.php(628): Illuminate\\Routing\\Router->runRoute(Object(Illuminate\\Http\\Request), Object(Illuminate\\Routing\\Route))
#47 /home/kristinayudina/works/da-you.ru/www/vendor/laravel/framework/src/Illuminate/Routing/Router.php(617): Illuminate\\Routing\\Router->dispatchToRoute(Object(Illuminate\\Http\\Request))
#48 /home/kristinayudina/works/da-you.ru/www/vendor/laravel/framework/src/Illuminate/Foundation/Http/Kernel.php(165): Illuminate\\Routing\\Router->dispatch(Object(Illuminate\\Http\\Request))
#49 /home/kristinayudina/works/da-you.ru/www/vendor/laravel/framework/src/Illuminate/Pipeline/Pipeline.php(128): Illuminate\\Foundation\\Http\\Kernel->Illuminate\\Foundation\\Http\\{closure}(Object(Illuminate\\Http\\Request))
#50 /home/kristinayudina/works/da-you.ru/www/vendor/barryvdh/laravel-debugbar/src/Middleware/InjectDebugbar.php(58): Illuminate\\Pipeline\\Pipeline->Illuminate\\Pipeline\\{closure}(Object(Illuminate\\Http\\Request))
#51 /home/kristinayudina/works/da-you.ru/www/vendor/laravel/framework/src/Illuminate/Pipeline/Pipeline.php(167): Barryvdh\\Debugbar\\Middleware\\InjectDebugbar->handle(Object(Illuminate\\Http\\Request), Object(Closure))
#52 /home/kristinayudina/works/da-you.ru/www/vendor/laravel/framework/src/Illuminate/Foundation/Http/Middleware/TransformsRequest.php(21): Illuminate\\Pipeline\\Pipeline->Illuminate\\Pipeline\\{closure}(Object(Illuminate\\Http\\Request))
#53 /home/kristinayudina/works/da-you.ru/www/vendor/laravel/framework/src/Illuminate/Pipeline/Pipeline.php(167): Illuminate\\Foundation\\Http\\Middleware\\TransformsRequest->handle(Object(Illuminate\\Http\\Request), Object(Closure))
#54 /home/kristinayudina/works/da-you.ru/www/vendor/laravel/framework/src/Illuminate/Foundation/Http/Middleware/TransformsRequest.php(21): Illuminate\\Pipeline\\Pipeline->Illuminate\\Pipeline\\{closure}(Object(Illuminate\\Http\\Request))
#55 /home/kristinayudina/works/da-you.ru/www/vendor/laravel/framework/src/Illuminate/Pipeline/Pipeline.php(167): Illuminate\\Foundation\\Http\\Middleware\\TransformsRequest->handle(Object(Illuminate\\Http\\Request), Object(Closure))
#56 /home/kristinayudina/works/da-you.ru/www/vendor/laravel/framework/src/Illuminate/Foundation/Http/Middleware/ValidatePostSize.php(27): Illuminate\\Pipeline\\Pipeline->Illuminate\\Pipeline\\{closure}(Object(Illuminate\\Http\\Request))
#57 /home/kristinayudina/works/da-you.ru/www/vendor/laravel/framework/src/Illuminate/Pipeline/Pipeline.php(167): Illuminate\\Foundation\\Http\\Middleware\\ValidatePostSize->handle(Object(Illuminate\\Http\\Request), Object(Closure))
#58 /home/kristinayudina/works/da-you.ru/www/vendor/laravel/framework/src/Illuminate/Foundation/Http/Middleware/CheckForMaintenanceMode.php(63): Illuminate\\Pipeline\\Pipeline->Illuminate\\Pipeline\\{closure}(Object(Illuminate\\Http\\Request))
#59 /home/kristinayudina/works/da-you.ru/www/vendor/laravel/framework/src/Illuminate/Pipeline/Pipeline.php(167): Illuminate\\Foundation\\Http\\Middleware\\CheckForMaintenanceMode->handle(Object(Illuminate\\Http\\Request), Object(Closure))
#60 /home/kristinayudina/works/da-you.ru/www/vendor/fideloper/proxy/src/TrustProxies.php(57): Illuminate\\Pipeline\\Pipeline->Illuminate\\Pipeline\\{closure}(Object(Illuminate\\Http\\Request))
#61 /home/kristinayudina/works/da-you.ru/www/vendor/laravel/framework/src/Illuminate/Pipeline/Pipeline.php(167): Fideloper\\Proxy\\TrustProxies->handle(Object(Illuminate\\Http\\Request), Object(Closure))
#62 /home/kristinayudina/works/da-you.ru/www/vendor/laravel/framework/src/Illuminate/Pipeline/Pipeline.php(103): Illuminate\\Pipeline\\Pipeline->Illuminate\\Pipeline\\{closure}(Object(Illuminate\\Http\\Request))
#63 /home/kristinayudina/works/da-you.ru/www/vendor/laravel/framework/src/Illuminate/Foundation/Http/Kernel.php(140): Illuminate\\Pipeline\\Pipeline->then(Object(Closure))
#64 /home/kristinayudina/works/da-you.ru/www/vendor/laravel/framework/src/Illuminate/Foundation/Http/Kernel.php(109): Illuminate\\Foundation\\Http\\Kernel->sendRequestThroughRouter(Object(Illuminate\\Http\\Request))
#65 /home/kristinayudina/works/da-you.ru/www/public/index.php(55): Illuminate\\Foundation\\Http\\Kernel->handle(Object(Illuminate\\Http\\Request))
#66 {main}

[previous exception] [object] (Doctrine\\DBAL\\Driver\\PDOException(code: 1049): SQLSTATE[HY000] [1049] Unknown database 'dayou.ru' at /home/kristinayudina/works/da-you.ru/www/vendor/doctrine/dbal/lib/Doctrine/DBAL/Driver/PDOConnection.php:31)
[stacktrace]
#0 /home/kristinayudina/works/da-you.ru/www/vendor/laravel/framework/src/Illuminate/Database/Connectors/Connector.php(67): Doctrine\\DBAL\\Driver\\PDOConnection->__construct('mysql:host=127....', 'root', '123456Bb_', Array)
#1 /home/kristinayudina/works/da-you.ru/www/vendor/laravel/framework/src/Illuminate/Database/Connectors/Connector.php(46): Illuminate\\Database\\Connectors\\Connector->createPdoConnection('mysql:host=127....', 'root', '123456Bb_', Array)
#2 /home/kristinayudina/works/da-you.ru/www/vendor/laravel/framework/src/Illuminate/Database/Connectors/MySqlConnector.php(24): Illuminate\\Database\\Connectors\\Connector->createConnection('mysql:host=127....', Array, Array)
#3 /home/kristinayudina/works/da-you.ru/www/vendor/laravel/framework/src/Illuminate/Database/Connectors/ConnectionFactory.php(182): Illuminate\\Database\\Connectors\\MySqlConnector->connect(Array)
#4 [internal function]: Illuminate\\Database\\Connectors\\ConnectionFactory->Illuminate\\Database\\Connectors\\{closure}()
#5 /home/kristinayudina/works/da-you.ru/www/vendor/laravel/framework/src/Illuminate/Database/Connection.php(925): call_user_func(Object(Closure))
#6 /home/kristinayudina/works/da-you.ru/www/vendor/laravel/framework/src/Illuminate/Database/Connection.php(960): Illuminate\\Database\\Connection->getPdo()
#7 /home/kristinayudina/works/da-you.ru/www/vendor/laravel/framework/src/Illuminate/Database/Connection.php(405): Illuminate\\Database\\Connection->getReadPdo()
#8 /home/kristinayudina/works/da-you.ru/www/vendor/laravel/framework/src/Illuminate/Database/Connection.php(331): Illuminate\\Database\\Connection->getPdoForSelect(true)
#9 /home/kristinayudina/works/da-you.ru/www/vendor/laravel/framework/src/Illuminate/Database/Connection.php(663): Illuminate\\Database\\Connection->Illuminate\\Database\\{closure}('select * from `...', Array)
#10 /home/kristinayudina/works/da-you.ru/www/vendor/laravel/framework/src/Illuminate/Database/Connection.php(630): Illuminate\\Database\\Connection->runQueryCallback('select * from `...', Array, Object(Closure))
#11 /home/kristinayudina/works/da-you.ru/www/vendor/laravel/framework/src/Illuminate/Database/Connection.php(339): Illuminate\\Database\\Connection->run('select * from `...', Array, Object(Closure))
#12 /home/kristinayudina/works/da-you.ru/www/vendor/laravel/framework/src/Illuminate/Database/Query/Builder.php(2178): Illuminate\\Database\\Connection->select('select * from `...', Array, true)
#13 /home/kristinayudina/works/da-you.ru/www/vendor/laravel/framework/src/Illuminate/Database/Query/Builder.php(2166): Illuminate\\Database\\Query\\Builder->runSelect()
#14 /home/kristinayudina/works/da-you.ru/www/vendor/laravel/framework/src/Illuminate/Database/Query/Builder.php(2638): Illuminate\\Database\\Query\\Builder->Illuminate\\Database\\Query\\{closure}()
#15 /home/kristinayudina/works/da-you.ru/www/vendor/laravel/framework/src/Illuminate/Database/Query/Builder.php(2167): Illuminate\\Database\\Query\\Builder->onceWithColumns(Array, Object(Closure))
#16 /home/kristinayudina/works/da-you.ru/www/vendor/laravel/framework/src/Illuminate/Database/Eloquent/Builder.php(539): Illuminate\\Database\\Query\\Builder->get(Array)
#17 /home/kristinayudina/works/da-you.ru/www/vendor/laravel/framework/src/Illuminate/Database/Eloquent/Builder.php(523): Illuminate\\Database\\Eloquent\\Builder->getModels(Array)
#18 /home/kristinayudina/works/da-you.ru/www/vendor/laravel/framework/src/Illuminate/Database/Eloquent/Model.php(486): Illuminate\\Database\\Eloquent\\Builder->get(Array)
#19 /home/kristinayudina/works/da-you.ru/www/app/Services/Repositories/Setting/EloquentSettingRepository.php(39): Illuminate\\Database\\Eloquent\\Model::all()
#20 /home/kristinayudina/works/da-you.ru/www/app/Services/Settings/SettingGetter.php(47): App\\Services\\Repositories\\Setting\\EloquentSettingRepository->all()
#21 /home/kristinayudina/works/da-you.ru/www/app/Services/Settings/SettingGetter.php(34): App\\Services\\Settings\\SettingGetter->fill()
#22 [internal function]: App\\Services\\Settings\\SettingGetter->__construct(Object(App\\Services\\Settings\\SettingContainer), Object(App\\Services\\Repositories\\Setting\\EloquentSettingRepository))
#23 /home/kristinayudina/works/da-you.ru/www/vendor/laravel/framework/src/Illuminate/Container/Container.php(847): ReflectionClass->newInstanceArgs(Array)
#24 /home/kristinayudina/works/da-you.ru/www/vendor/laravel/framework/src/Illuminate/Container/Container.php(685): Illuminate\\Container\\Container->build('App\\\\Services\\\\Se...')
#25 /home/kristinayudina/works/da-you.ru/www/vendor/laravel/framework/src/Illuminate/Foundation/Application.php(794): Illuminate\\Container\\Container->resolve('App\\\\Services\\\\Se...', Array, true)
#26 /home/kristinayudina/works/da-you.ru/www/vendor/laravel/framework/src/Illuminate/Container/Container.php(633): Illuminate\\Foundation\\Application->resolve('App\\\\Services\\\\Se...', Array)
#27 /home/kristinayudina/works/da-you.ru/www/vendor/laravel/framework/src/Illuminate/Foundation/Application.php(779): Illuminate\\Container\\Container->make('App\\\\Services\\\\Se...', Array)
#28 /home/kristinayudina/works/da-you.ru/www/app/Providers/SettingsServiceProvider.php(225): Illuminate\\Foundation\\Application->make('App\\\\Services\\\\Se...')
#29 /home/kristinayudina/works/da-you.ru/www/vendor/laravel/framework/src/Illuminate/Container/Container.php(803): App\\Providers\\SettingsServiceProvider->App\\Providers\\{closure}(Object(Illuminate\\Foundation\\Application), Array)
#30 /home/kristinayudina/works/da-you.ru/www/vendor/laravel/framework/src/Illuminate/Container/Container.php(685): Illuminate\\Container\\Container->build(Object(Closure))
#31 /home/kristinayudina/works/da-you.ru/www/vendor/laravel/framework/src/Illuminate/Foundation/Application.php(794): Illuminate\\Container\\Container->resolve('setting', Array, true)
#32 /home/kristinayudina/works/da-you.ru/www/vendor/laravel/framework/src/Illuminate/Container/Container.php(633): Illuminate\\Foundation\\Application->resolve('setting', Array)
#33 /home/kristinayudina/works/da-you.ru/www/vendor/laravel/framework/src/Illuminate/Foundation/Application.php(779): Illuminate\\Container\\Container->make('setting', Array)
#34 /home/kristinayudina/works/da-you.ru/www/vendor/laravel/framework/src/Illuminate/Container/Container.php(1249): Illuminate\\Foundation\\Application->make('setting')
#35 /home/kristinayudina/works/da-you.ru/www/vendor/laravel/framework/src/Illuminate/Support/Facades/Facade.php(198): Illuminate\\Container\\Container->offsetGet('setting')
#36 /home/kristinayudina/works/da-you.ru/www/vendor/laravel/framework/src/Illuminate/Support/Facades/Facade.php(166): Illuminate\\Support\\Facades\\Facade::resolveFacadeInstance('setting')
#37 /home/kristinayudina/works/da-you.ru/www/vendor/laravel/framework/src/Illuminate/Support/Facades/Facade.php(255): Illuminate\\Support\\Facades\\Facade::getFacadeRoot()
#38 /home/kristinayudina/works/da-you.ru/www/app/Http/Middleware/Redirects.php(41): Illuminate\\Support\\Facades\\Facade::__callStatic('get', Array)
#39 /home/kristinayudina/works/da-you.ru/www/app/Http/Middleware/Redirects.php(18): App\\Http\\Middleware\\Redirects->getRuleList()
#40 /home/kristinayudina/works/da-you.ru/www/vendor/laravel/framework/src/Illuminate/Pipeline/Pipeline.php(167): App\\Http\\Middleware\\Redirects->handle(Object(Illuminate\\Http\\Request), Object(Closure))
#41 /home/kristinayudina/works/da-you.ru/www/vendor/laravel/framework/src/Illuminate/Routing/Middleware/SubstituteBindings.php(41): Illuminate\\Pipeline\\Pipeline->Illuminate\\Pipeline\\{closure}(Object(Illuminate\\Http\\Request))
#42 /home/kristinayudina/works/da-you.ru/www/vendor/laravel/framework/src/Illuminate/Pipeline/Pipeline.php(167): Illuminate\\Routing\\Middleware\\SubstituteBindings->handle(Object(Illuminate\\Http\\Request), Object(Closure))
#43 /home/kristinayudina/works/da-you.ru/www/vendor/laravel/framework/src/Illuminate/Foundation/Http/Middleware/VerifyCsrfToken.php(76): Illuminate\\Pipeline\\Pipeline->Illuminate\\Pipeline\\{closure}(Object(Illuminate\\Http\\Request))
#44 /home/kristinayudina/works/da-you.ru/www/vendor/laravel/framework/src/Illuminate/Pipeline/Pipeline.php(167): Illuminate\\Foundation\\Http\\Middleware\\VerifyCsrfToken->handle(Object(Illuminate\\Http\\Request), Object(Closure))
#45 /home/kristinayudina/works/da-you.ru/www/vendor/laravel/framework/src/Illuminate/View/Middleware/ShareErrorsFromSession.php(49): Illuminate\\Pipeline\\Pipeline->Illuminate\\Pipeline\\{closure}(Object(Illuminate\\Http\\Request))
#46 /home/kristinayudina/works/da-you.ru/www/vendor/laravel/framework/src/Illuminate/Pipeline/Pipeline.php(167): Illuminate\\View\\Middleware\\ShareErrorsFromSession->handle(Object(Illuminate\\Http\\Request), Object(Closure))
#47 /home/kristinayudina/works/da-you.ru/www/vendor/laravel/framework/src/Illuminate/Session/Middleware/StartSession.php(56): Illuminate\\Pipeline\\Pipeline->Illuminate\\Pipeline\\{closure}(Object(Illuminate\\Http\\Request))
#48 /home/kristinayudina/works/da-you.ru/www/vendor/laravel/framework/src/Illuminate/Pipeline/Pipeline.php(167): Illuminate\\Session\\Middleware\\StartSession->handle(Object(Illuminate\\Http\\Request), Object(Closure))
#49 /home/kristinayudina/works/da-you.ru/www/vendor/laravel/framework/src/Illuminate/Cookie/Middleware/AddQueuedCookiesToResponse.php(37): Illuminate\\Pipeline\\Pipeline->Illuminate\\Pipeline\\{closure}(Object(Illuminate\\Http\\Request))
#50 /home/kristinayudina/works/da-you.ru/www/vendor/laravel/framework/src/Illuminate/Pipeline/Pipeline.php(167): Illuminate\\Cookie\\Middleware\\AddQueuedCookiesToResponse->handle(Object(Illuminate\\Http\\Request), Object(Closure))
#51 /home/kristinayudina/works/da-you.ru/www/vendor/laravel/framework/src/Illuminate/Cookie/Middleware/EncryptCookies.php(66): Illuminate\\Pipeline\\Pipeline->Illuminate\\Pipeline\\{closure}(Object(Illuminate\\Http\\Request))
#52 /home/kristinayudina/works/da-you.ru/www/vendor/laravel/framework/src/Illuminate/Pipeline/Pipeline.php(167): Illuminate\\Cookie\\Middleware\\EncryptCookies->handle(Object(Illuminate\\Http\\Request), Object(Closure))
#53 /home/kristinayudina/works/da-you.ru/www/vendor/laravel/framework/src/Illuminate/Pipeline/Pipeline.php(103): Illuminate\\Pipeline\\Pipeline->Illuminate\\Pipeline\\{closure}(Object(Illuminate\\Http\\Request))
#54 /home/kristinayudina/works/da-you.ru/www/vendor/laravel/framework/src/Illuminate/Routing/Router.php(687): Illuminate\\Pipeline\\Pipeline->then(Object(Closure))
#55 /home/kristinayudina/works/da-you.ru/www/vendor/laravel/framework/src/Illuminate/Routing/Router.php(662): Illuminate\\Routing\\Router->runRouteWithinStack(Object(Illuminate\\Routing\\Route), Object(Illuminate\\Http\\Request))
#56 /home/kristinayudina/works/da-you.ru/www/vendor/laravel/framework/src/Illuminate/Routing/Router.php(628): Illuminate\\Routing\\Router->runRoute(Object(Illuminate\\Http\\Request), Object(Illuminate\\Routing\\Route))
#57 /home/kristinayudina/works/da-you.ru/www/vendor/laravel/framework/src/Illuminate/Routing/Router.php(617): Illuminate\\Routing\\Router->dispatchToRoute(Object(Illuminate\\Http\\Request))
#58 /home/kristinayudina/works/da-you.ru/www/vendor/laravel/framework/src/Illuminate/Foundation/Http/Kernel.php(165): Illuminate\\Routing\\Router->dispatch(Object(Illuminate\\Http\\Request))
#59 /home/kristinayudina/works/da-you.ru/www/vendor/laravel/framework/src/Illuminate/Pipeline/Pipeline.php(128): Illuminate\\Foundation\\Http\\Kernel->Illuminate\\Foundation\\Http\\{closure}(Object(Illuminate\\Http\\Request))
#60 /home/kristinayudina/works/da-you.ru/www/vendor/barryvdh/laravel-debugbar/src/Middleware/InjectDebugbar.php(58): Illuminate\\Pipeline\\Pipeline->Illuminate\\Pipeline\\{closure}(Object(Illuminate\\Http\\Request))
#61 /home/kristinayudina/works/da-you.ru/www/vendor/laravel/framework/src/Illuminate/Pipeline/Pipeline.php(167): Barryvdh\\Debugbar\\Middleware\\InjectDebugbar->handle(Object(Illuminate\\Http\\Request), Object(Closure))
#62 /home/kristinayudina/works/da-you.ru/www/vendor/laravel/framework/src/Illuminate/Foundation/Http/Middleware/TransformsRequest.php(21): Illuminate\\Pipeline\\Pipeline->Illuminate\\Pipeline\\{closure}(Object(Illuminate\\Http\\Request))
#63 /home/kristinayudina/works/da-you.ru/www/vendor/laravel/framework/src/Illuminate/Pipeline/Pipeline.php(167): Illuminate\\Foundation\\Http\\Middleware\\TransformsRequest->handle(Object(Illuminate\\Http\\Request), Object(Closure))
#64 /home/kristinayudina/works/da-you.ru/www/vendor/laravel/framework/src/Illuminate/Foundation/Http/Middleware/TransformsRequest.php(21): Illuminate\\Pipeline\\Pipeline->Illuminate\\Pipeline\\{closure}(Object(Illuminate\\Http\\Request))
#65 /home/kristinayudina/works/da-you.ru/www/vendor/laravel/framework/src/Illuminate/Pipeline/Pipeline.php(167): Illuminate\\Foundation\\Http\\Middleware\\TransformsRequest->handle(Object(Illuminate\\Http\\Request), Object(Closure))
#66 /home/kristinayudina/works/da-you.ru/www/vendor/laravel/framework/src/Illuminate/Foundation/Http/Middleware/ValidatePostSize.php(27): Illuminate\\Pipeline\\Pipeline->Illuminate\\Pipeline\\{closure}(Object(Illuminate\\Http\\Request))
#67 /home/kristinayudina/works/da-you.ru/www/vendor/laravel/framework/src/Illuminate/Pipeline/Pipeline.php(167): Illuminate\\Foundation\\Http\\Middleware\\ValidatePostSize->handle(Object(Illuminate\\Http\\Request), Object(Closure))
#68 /home/kristinayudina/works/da-you.ru/www/vendor/laravel/framework/src/Illuminate/Foundation/Http/Middleware/CheckForMaintenanceMode.php(63): Illuminate\\Pipeline\\Pipeline->Illuminate\\Pipeline\\{closure}(Object(Illuminate\\Http\\Request))
#69 /home/kristinayudina/works/da-you.ru/www/vendor/laravel/framework/src/Illuminate/Pipeline/Pipeline.php(167): Illuminate\\Foundation\\Http\\Middleware\\CheckForMaintenanceMode->handle(Object(Illuminate\\Http\\Request), Object(Closure))
#70 /home/kristinayudina/works/da-you.ru/www/vendor/fideloper/proxy/src/TrustProxies.php(57): Illuminate\\Pipeline\\Pipeline->Illuminate\\Pipeline\\{closure}(Object(Illuminate\\Http\\Request))
#71 /home/kristinayudina/works/da-you.ru/www/vendor/laravel/framework/src/Illuminate/Pipeline/Pipeline.php(167): Fideloper\\Proxy\\TrustProxies->handle(Object(Illuminate\\Http\\Request), Object(Closure))
#72 /home/kristinayudina/works/da-you.ru/www/vendor/laravel/framework/src/Illuminate/Pipeline/Pipeline.php(103): Illuminate\\Pipeline\\Pipeline->Illuminate\\Pipeline\\{closure}(Object(Illuminate\\Http\\Request))
#73 /home/kristinayudina/works/da-you.ru/www/vendor/laravel/framework/src/Illuminate/Foundation/Http/Kernel.php(140): Illuminate\\Pipeline\\Pipeline->then(Object(Closure))
#74 /home/kristinayudina/works/da-you.ru/www/vendor/laravel/framework/src/Illuminate/Foundation/Http/Kernel.php(109): Illuminate\\Foundation\\Http\\Kernel->sendRequestThroughRouter(Object(Illuminate\\Http\\Request))
#75 /home/kristinayudina/works/da-you.ru/www/public/index.php(55): Illuminate\\Foundation\\Http\\Kernel->handle(Object(Illuminate\\Http\\Request))
#76 {main}

[previous exception] [object] (PDOException(code: 1049): SQLSTATE[HY000] [1049] Unknown database 'dayou.ru' at /home/kristinayudina/works/da-you.ru/www/vendor/doctrine/dbal/lib/Doctrine/DBAL/Driver/PDOConnection.php:27)
[stacktrace]
#0 /home/kristinayudina/works/da-you.ru/www/vendor/doctrine/dbal/lib/Doctrine/DBAL/Driver/PDOConnection.php(27): PDO->__construct('mysql:host=127....', 'root', '123456Bb_', Array)
#1 /home/kristinayudina/works/da-you.ru/www/vendor/laravel/framework/src/Illuminate/Database/Connectors/Connector.php(67): Doctrine\\DBAL\\Driver\\PDOConnection->__construct('mysql:host=127....', 'root', '123456Bb_', Array)
#2 /home/kristinayudina/works/da-you.ru/www/vendor/laravel/framework/src/Illuminate/Database/Connectors/Connector.php(46): Illuminate\\Database\\Connectors\\Connector->createPdoConnection('mysql:host=127....', 'root', '123456Bb_', Array)
#3 /home/kristinayudina/works/da-you.ru/www/vendor/laravel/framework/src/Illuminate/Database/Connectors/MySqlConnector.php(24): Illuminate\\Database\\Connectors\\Connector->createConnection('mysql:host=127....', Array, Array)
#4 /home/kristinayudina/works/da-you.ru/www/vendor/laravel/framework/src/Illuminate/Database/Connectors/ConnectionFactory.php(182): Illuminate\\Database\\Connectors\\MySqlConnector->connect(Array)
#5 [internal function]: Illuminate\\Database\\Connectors\\ConnectionFactory->Illuminate\\Database\\Connectors\\{closure}()
#6 /home/kristinayudina/works/da-you.ru/www/vendor/laravel/framework/src/Illuminate/Database/Connection.php(925): call_user_func(Object(Closure))
#7 /home/kristinayudina/works/da-you.ru/www/vendor/laravel/framework/src/Illuminate/Database/Connection.php(960): Illuminate\\Database\\Connection->getPdo()
#8 /home/kristinayudina/works/da-you.ru/www/vendor/laravel/framework/src/Illuminate/Database/Connection.php(405): Illuminate\\Database\\Connection->getReadPdo()
#9 /home/kristinayudina/works/da-you.ru/www/vendor/laravel/framework/src/Illuminate/Database/Connection.php(331): Illuminate\\Database\\Connection->getPdoForSelect(true)
#10 /home/kristinayudina/works/da-you.ru/www/vendor/laravel/framework/src/Illuminate/Database/Connection.php(663): Illuminate\\Database\\Connection->Illuminate\\Database\\{closure}('select * from `...', Array)
#11 /home/kristinayudina/works/da-you.ru/www/vendor/laravel/framework/src/Illuminate/Database/Connection.php(630): Illuminate\\Database\\Connection->runQueryCallback('select * from `...', Array, Object(Closure))
#12 /home/kristinayudina/works/da-you.ru/www/vendor/laravel/framework/src/Illuminate/Database/Connection.php(339): Illuminate\\Database\\Connection->run('select * from `...', Array, Object(Closure))
#13 /home/kristinayudina/works/da-you.ru/www/vendor/laravel/framework/src/Illuminate/Database/Query/Builder.php(2178): Illuminate\\Database\\Connection->select('select * from `...', Array, true)
#14 /home/kristinayudina/works/da-you.ru/www/vendor/laravel/framework/src/Illuminate/Database/Query/Builder.php(2166): Illuminate\\Database\\Query\\Builder->runSelect()
#15 /home/kristinayudina/works/da-you.ru/www/vendor/laravel/framework/src/Illuminate/Database/Query/Builder.php(2638): Illuminate\\Database\\Query\\Builder->Illuminate\\Database\\Query\\{closure}()
#16 /home/kristinayudina/works/da-you.ru/www/vendor/laravel/framework/src/Illuminate/Database/Query/Builder.php(2167): Illuminate\\Database\\Query\\Builder->onceWithColumns(Array, Object(Closure))
#17 /home/kristinayudina/works/da-you.ru/www/vendor/laravel/framework/src/Illuminate/Database/Eloquent/Builder.php(539): Illuminate\\Database\\Query\\Builder->get(Array)
#18 /home/kristinayudina/works/da-you.ru/www/vendor/laravel/framework/src/Illuminate/Database/Eloquent/Builder.php(523): Illuminate\\Database\\Eloquent\\Builder->getModels(Array)
#19 /home/kristinayudina/works/da-you.ru/www/vendor/laravel/framework/src/Illuminate/Database/Eloquent/Model.php(486): Illuminate\\Database\\Eloquent\\Builder->get(Array)
#20 /home/kristinayudina/works/da-you.ru/www/app/Services/Repositories/Setting/EloquentSettingRepository.php(39): Illuminate\\Database\\Eloquent\\Model::all()
#21 /home/kristinayudina/works/da-you.ru/www/app/Services/Settings/SettingGetter.php(47): App\\Services\\Repositories\\Setting\\EloquentSettingRepository->all()
#22 /home/kristinayudina/works/da-you.ru/www/app/Services/Settings/SettingGetter.php(34): App\\Services\\Settings\\SettingGetter->fill()
#23 [internal function]: App\\Services\\Settings\\SettingGetter->__construct(Object(App\\Services\\Settings\\SettingContainer), Object(App\\Services\\Repositories\\Setting\\EloquentSettingRepository))
#24 /home/kristinayudina/works/da-you.ru/www/vendor/laravel/framework/src/Illuminate/Container/Container.php(847): ReflectionClass->newInstanceArgs(Array)
#25 /home/kristinayudina/works/da-you.ru/www/vendor/laravel/framework/src/Illuminate/Container/Container.php(685): Illuminate\\Container\\Container->build('App\\\\Services\\\\Se...')
#26 /home/kristinayudina/works/da-you.ru/www/vendor/laravel/framework/src/Illuminate/Foundation/Application.php(794): Illuminate\\Container\\Container->resolve('App\\\\Services\\\\Se...', Array, true)
#27 /home/kristinayudina/works/da-you.ru/www/vendor/laravel/framework/src/Illuminate/Container/Container.php(633): Illuminate\\Foundation\\Application->resolve('App\\\\Services\\\\Se...', Array)
#28 /home/kristinayudina/works/da-you.ru/www/vendor/laravel/framework/src/Illuminate/Foundation/Application.php(779): Illuminate\\Container\\Container->make('App\\\\Services\\\\Se...', Array)
#29 /home/kristinayudina/works/da-you.ru/www/app/Providers/SettingsServiceProvider.php(225): Illuminate\\Foundation\\Application->make('App\\\\Services\\\\Se...')
#30 /home/kristinayudina/works/da-you.ru/www/vendor/laravel/framework/src/Illuminate/Container/Container.php(803): App\\Providers\\SettingsServiceProvider->App\\Providers\\{closure}(Object(Illuminate\\Foundation\\Application), Array)
#31 /home/kristinayudina/works/da-you.ru/www/vendor/laravel/framework/src/Illuminate/Container/Container.php(685): Illuminate\\Container\\Container->build(Object(Closure))
#32 /home/kristinayudina/works/da-you.ru/www/vendor/laravel/framework/src/Illuminate/Foundation/Application.php(794): Illuminate\\Container\\Container->resolve('setting', Array, true)
#33 /home/kristinayudina/works/da-you.ru/www/vendor/laravel/framework/src/Illuminate/Container/Container.php(633): Illuminate\\Foundation\\Application->resolve('setting', Array)
#34 /home/kristinayudina/works/da-you.ru/www/vendor/laravel/framework/src/Illuminate/Foundation/Application.php(779): Illuminate\\Container\\Container->make('setting', Array)
#35 /home/kristinayudina/works/da-you.ru/www/vendor/laravel/framework/src/Illuminate/Container/Container.php(1249): Illuminate\\Foundation\\Application->make('setting')
#36 /home/kristinayudina/works/da-you.ru/www/vendor/laravel/framework/src/Illuminate/Support/Facades/Facade.php(198): Illuminate\\Container\\Container->offsetGet('setting')
#37 /home/kristinayudina/works/da-you.ru/www/vendor/laravel/framework/src/Illuminate/Support/Facades/Facade.php(166): Illuminate\\Support\\Facades\\Facade::resolveFacadeInstance('setting')
#38 /home/kristinayudina/works/da-you.ru/www/vendor/laravel/framework/src/Illuminate/Support/Facades/Facade.php(255): Illuminate\\Support\\Facades\\Facade::getFacadeRoot()
#39 /home/kristinayudina/works/da-you.ru/www/app/Http/Middleware/Redirects.php(41): Illuminate\\Support\\Facades\\Facade::__callStatic('get', Array)
#40 /home/kristinayudina/works/da-you.ru/www/app/Http/Middleware/Redirects.php(18): App\\Http\\Middleware\\Redirects->getRuleList()
#41 /home/kristinayudina/works/da-you.ru/www/vendor/laravel/framework/src/Illuminate/Pipeline/Pipeline.php(167): App\\Http\\Middleware\\Redirects->handle(Object(Illuminate\\Http\\Request), Object(Closure))
#42 /home/kristinayudina/works/da-you.ru/www/vendor/laravel/framework/src/Illuminate/Routing/Middleware/SubstituteBindings.php(41): Illuminate\\Pipeline\\Pipeline->Illuminate\\Pipeline\\{closure}(Object(Illuminate\\Http\\Request))
#43 /home/kristinayudina/works/da-you.ru/www/vendor/laravel/framework/src/Illuminate/Pipeline/Pipeline.php(167): Illuminate\\Routing\\Middleware\\SubstituteBindings->handle(Object(Illuminate\\Http\\Request), Object(Closure))
#44 /home/kristinayudina/works/da-you.ru/www/vendor/laravel/framework/src/Illuminate/Foundation/Http/Middleware/VerifyCsrfToken.php(76): Illuminate\\Pipeline\\Pipeline->Illuminate\\Pipeline\\{closure}(Object(Illuminate\\Http\\Request))
#45 /home/kristinayudina/works/da-you.ru/www/vendor/laravel/framework/src/Illuminate/Pipeline/Pipeline.php(167): Illuminate\\Foundation\\Http\\Middleware\\VerifyCsrfToken->handle(Object(Illuminate\\Http\\Request), Object(Closure))
#46 /home/kristinayudina/works/da-you.ru/www/vendor/laravel/framework/src/Illuminate/View/Middleware/ShareErrorsFromSession.php(49): Illuminate\\Pipeline\\Pipeline->Illuminate\\Pipeline\\{closure}(Object(Illuminate\\Http\\Request))
#47 /home/kristinayudina/works/da-you.ru/www/vendor/laravel/framework/src/Illuminate/Pipeline/Pipeline.php(167): Illuminate\\View\\Middleware\\ShareErrorsFromSession->handle(Object(Illuminate\\Http\\Request), Object(Closure))
#48 /home/kristinayudina/works/da-you.ru/www/vendor/laravel/framework/src/Illuminate/Session/Middleware/StartSession.php(56): Illuminate\\Pipeline\\Pipeline->Illuminate\\Pipeline\\{closure}(Object(Illuminate\\Http\\Request))
#49 /home/kristinayudina/works/da-you.ru/www/vendor/laravel/framework/src/Illuminate/Pipeline/Pipeline.php(167): Illuminate\\Session\\Middleware\\StartSession->handle(Object(Illuminate\\Http\\Request), Object(Closure))
#50 /home/kristinayudina/works/da-you.ru/www/vendor/laravel/framework/src/Illuminate/Cookie/Middleware/AddQueuedCookiesToResponse.php(37): Illuminate\\Pipeline\\Pipeline->Illuminate\\Pipeline\\{closure}(Object(Illuminate\\Http\\Request))
#51 /home/kristinayudina/works/da-you.ru/www/vendor/laravel/framework/src/Illuminate/Pipeline/Pipeline.php(167): Illuminate\\Cookie\\Middleware\\AddQueuedCookiesToResponse->handle(Object(Illuminate\\Http\\Request), Object(Closure))
#52 /home/kristinayudina/works/da-you.ru/www/vendor/laravel/framework/src/Illuminate/Cookie/Middleware/EncryptCookies.php(66): Illuminate\\Pipeline\\Pipeline->Illuminate\\Pipeline\\{closure}(Object(Illuminate\\Http\\Request))
#53 /home/kristinayudina/works/da-you.ru/www/vendor/laravel/framework/src/Illuminate/Pipeline/Pipeline.php(167): Illuminate\\Cookie\\Middleware\\EncryptCookies->handle(Object(Illuminate\\Http\\Request), Object(Closure))
#54 /home/kristinayudina/works/da-you.ru/www/vendor/laravel/framework/src/Illuminate/Pipeline/Pipeline.php(103): Illuminate\\Pipeline\\Pipeline->Illuminate\\Pipeline\\{closure}(Object(Illuminate\\Http\\Request))
#55 /home/kristinayudina/works/da-you.ru/www/vendor/laravel/framework/src/Illuminate/Routing/Router.php(687): Illuminate\\Pipeline\\Pipeline->then(Object(Closure))
#56 /home/kristinayudina/works/da-you.ru/www/vendor/laravel/framework/src/Illuminate/Routing/Router.php(662): Illuminate\\Routing\\Router->runRouteWithinStack(Object(Illuminate\\Routing\\Route), Object(Illuminate\\Http\\Request))
#57 /home/kristinayudina/works/da-you.ru/www/vendor/laravel/framework/src/Illuminate/Routing/Router.php(628): Illuminate\\Routing\\Router->runRoute(Object(Illuminate\\Http\\Request), Object(Illuminate\\Routing\\Route))
#58 /home/kristinayudina/works/da-you.ru/www/vendor/laravel/framework/src/Illuminate/Routing/Router.php(617): Illuminate\\Routing\\Router->dispatchToRoute(Object(Illuminate\\Http\\Request))
#59 /home/kristinayudina/works/da-you.ru/www/vendor/laravel/framework/src/Illuminate/Foundation/Http/Kernel.php(165): Illuminate\\Routing\\Router->dispatch(Object(Illuminate\\Http\\Request))
#60 /home/kristinayudina/works/da-you.ru/www/vendor/laravel/framework/src/Illuminate/Pipeline/Pipeline.php(128): Illuminate\\Foundation\\Http\\Kernel->Illuminate\\Foundation\\Http\\{closure}(Object(Illuminate\\Http\\Request))
#61 /home/kristinayudina/works/da-you.ru/www/vendor/barryvdh/laravel-debugbar/src/Middleware/InjectDebugbar.php(58): Illuminate\\Pipeline\\Pipeline->Illuminate\\Pipeline\\{closure}(Object(Illuminate\\Http\\Request))
#62 /home/kristinayudina/works/da-you.ru/www/vendor/laravel/framework/src/Illuminate/Pipeline/Pipeline.php(167): Barryvdh\\Debugbar\\Middleware\\InjectDebugbar->handle(Object(Illuminate\\Http\\Request), Object(Closure))
#63 /home/kristinayudina/works/da-you.ru/www/vendor/laravel/framework/src/Illuminate/Foundation/Http/Middleware/TransformsRequest.php(21): Illuminate\\Pipeline\\Pipeline->Illuminate\\Pipeline\\{closure}(Object(Illuminate\\Http\\Request))
#64 /home/kristinayudina/works/da-you.ru/www/vendor/laravel/framework/src/Illuminate/Pipeline/Pipeline.php(167): Illuminate\\Foundation\\Http\\Middleware\\TransformsRequest->handle(Object(Illuminate\\Http\\Request), Object(Closure))
#65 /home/kristinayudina/works/da-you.ru/www/vendor/laravel/framework/src/Illuminate/Foundation/Http/Middleware/TransformsRequest.php(21): Illuminate\\Pipeline\\Pipeline->Illuminate\\Pipeline\\{closure}(Object(Illuminate\\Http\\Request))
#66 /home/kristinayudina/works/da-you.ru/www/vendor/laravel/framework/src/Illuminate/Pipeline/Pipeline.php(167): Illuminate\\Foundation\\Http\\Middleware\\TransformsRequest->handle(Object(Illuminate\\Http\\Request), Object(Closure))
#67 /home/kristinayudina/works/da-you.ru/www/vendor/laravel/framework/src/Illuminate/Foundation/Http/Middleware/ValidatePostSize.php(27): Illuminate\\Pipeline\\Pipeline->Illuminate\\Pipeline\\{closure}(Object(Illuminate\\Http\\Request))
#68 /home/kristinayudina/works/da-you.ru/www/vendor/laravel/framework/src/Illuminate/Pipeline/Pipeline.php(167): Illuminate\\Foundation\\Http\\Middleware\\ValidatePostSize->handle(Object(Illuminate\\Http\\Request), Object(Closure))
#69 /home/kristinayudina/works/da-you.ru/www/vendor/laravel/framework/src/Illuminate/Foundation/Http/Middleware/CheckForMaintenanceMode.php(63): Illuminate\\Pipeline\\Pipeline->Illuminate\\Pipeline\\{closure}(Object(Illuminate\\Http\\Request))
#70 /home/kristinayudina/works/da-you.ru/www/vendor/laravel/framework/src/Illuminate/Pipeline/Pipeline.php(167): Illuminate\\Foundation\\Http\\Middleware\\CheckForMaintenanceMode->handle(Object(Illuminate\\Http\\Request), Object(Closure))
#71 /home/kristinayudina/works/da-you.ru/www/vendor/fideloper/proxy/src/TrustProxies.php(57): Illuminate\\Pipeline\\Pipeline->Illuminate\\Pipeline\\{closure}(Object(Illuminate\\Http\\Request))
#72 /home/kristinayudina/works/da-you.ru/www/vendor/laravel/framework/src/Illuminate/Pipeline/Pipeline.php(167): Fideloper\\Proxy\\TrustProxies->handle(Object(Illuminate\\Http\\Request), Object(Closure))
#73 /home/kristinayudina/works/da-you.ru/www/vendor/laravel/framework/src/Illuminate/Pipeline/Pipeline.php(103): Illuminate\\Pipeline\\Pipeline->Illuminate\\Pipeline\\{closure}(Object(Illuminate\\Http\\Request))
#74 /home/kristinayudina/works/da-you.ru/www/vendor/laravel/framework/src/Illuminate/Foundation/Http/Kernel.php(140): Illuminate\\Pipeline\\Pipeline->then(Object(Closure))
#75 /home/kristinayudina/works/da-you.ru/www/vendor/laravel/framework/src/Illuminate/Foundation/Http/Kernel.php(109): Illuminate\\Foundation\\Http\\Kernel->sendRequestThroughRouter(Object(Illuminate\\Http\\Request))
#76 /home/kristinayudina/works/da-you.ru/www/public/index.php(55): Illuminate\\Foundation\\Http\\Kernel->handle(Object(Illuminate\\Http\\Request))
#77 {main}
"} 
